{
  "stats": {
    "suites": 12,
    "tests": 41,
    "passes": 10,
    "pending": 0,
    "failures": 31,
    "start": "2022-05-26T00:01:46.644Z",
    "end": "2022-05-26T00:04:04.645Z",
    "duration": 138001,
    "testsRegistered": 41,
    "passPercent": 24.390243902439025,
    "pendingPercent": 0,
    "other": 0,
    "hasOther": false,
    "skipped": 0,
    "hasSkipped": false
  },
  "results": [
    {
      "uuid": "87c5a239-5300-4129-bc00-d851354c200b",
      "title": "",
      "fullFile": "cypress/integration/project.spec.js",
      "file": "cypress/integration/project.spec.js",
      "beforeHooks": [],
      "afterHooks": [],
      "tests": [],
      "suites": [
        {
          "uuid": "8c4b35b7-bbd0-4646-a8fa-b2b9ebefdf21",
          "title": "1 - Adicione à página o título \"Paleta de Cores\".",
          "fullFile": "",
          "file": "",
          "beforeHooks": [],
          "afterHooks": [],
          "tests": [
            {
              "title": "Verifica se contém um elemento `h1` com o id `title` com o título correto",
              "fullTitle": "1 - Adicione à página o título \"Paleta de Cores\". Verifica se contém um elemento `h1` com o id `title` com o título correto",
              "timedOut": null,
              "duration": 180,
              "state": "passed",
              "speed": "slow",
              "pass": true,
              "fail": false,
              "pending": false,
              "context": null,
              "code": "cy.get('h1#title').should('contain.text', 'Paleta de Cores');",
              "err": {},
              "uuid": "44fcc668-28a8-4ed0-b7ec-49988d0eee08",
              "parentUUID": "8c4b35b7-bbd0-4646-a8fa-b2b9ebefdf21",
              "isHook": false,
              "skipped": false
            }
          ],
          "suites": [],
          "passes": [
            "44fcc668-28a8-4ed0-b7ec-49988d0eee08"
          ],
          "failures": [],
          "pending": [],
          "skipped": [],
          "duration": 180,
          "root": false,
          "rootEmpty": false,
          "_timeout": 2000
        },
        {
          "uuid": "bbdc86b2-bc32-4396-8e8f-dce5403cef52",
          "title": "2 - Adicione à página uma paleta de quatro cores distintas.",
          "fullFile": "",
          "file": "",
          "beforeHooks": [],
          "afterHooks": [],
          "tests": [
            {
              "title": "A paleta de cores deve ser um elemento com `id` denominado `color-palette` e ter mais de 0px de altura e de largura.",
              "fullTitle": "2 - Adicione à página uma paleta de quatro cores distintas. A paleta de cores deve ser um elemento com `id` denominado `color-palette` e ter mais de 0px de altura e de largura.",
              "timedOut": null,
              "duration": 4256,
              "state": "failed",
              "speed": null,
              "pass": false,
              "fail": true,
              "pending": false,
              "context": null,
              "code": "cy.get('#color-palette').should('be.visible');\ncy.get('#color-palette').children('.color');",
              "err": {
                "message": "CypressError: Timed out retrying: Expected to find element: '.color', but never found it. Queried from element: <section#color-palette>",
                "estack": "CypressError: Timed out retrying: Expected to find element: '.color', but never found it. Queried from element: <section#color-palette>\n    at cypressErr (http://localhost:34783/__cypress/runner/cypress_runner.js:149934:9)\n    at throwErr (http://localhost:34783/__cypress/runner/cypress_runner.js:149867:11)\n    at Object.throwErrByPath (http://localhost:34783/__cypress/runner/cypress_runner.js:149915:3)\n    at retry (http://localhost:34783/__cypress/runner/cypress_runner.js:144197:19)\n    at onFailFn (http://localhost:34783/__cypress/runner/cypress_runner.js:132448:16)\n    at tryCatcher (http://localhost:34783/__cypress/runner/cypress_runner.js:167415:23)\n    at Promise._settlePromiseFromHandler (http://localhost:34783/__cypress/runner/cypress_runner.js:165351:31)\n    at Promise._settlePromise (http://localhost:34783/__cypress/runner/cypress_runner.js:165408:18)\n    at Promise._settlePromise0 (http://localhost:34783/__cypress/runner/cypress_runner.js:165453:10)\n    at Promise._settlePromises (http://localhost:34783/__cypress/runner/cypress_runner.js:165528:18)\n    at Async../node_modules/bluebird/js/release/async.js.Async._drainQueue (http://localhost:34783/__cypress/runner/cypress_runner.js:162140:16)\n    at Async../node_modules/bluebird/js/release/async.js.Async._drainQueues (http://localhost:34783/__cypress/runner/cypress_runner.js:162150:10)\n    at Async.drainQueues (http://localhost:34783/__cypress/runner/cypress_runner.js:162024:14)",
                "diff": null
              },
              "uuid": "fb22f9b8-cb0b-4b37-850e-6690d6f48ce9",
              "parentUUID": "bbdc86b2-bc32-4396-8e8f-dce5403cef52",
              "isHook": false,
              "skipped": false
            },
            {
              "title": "Verifica se cada cor individual da paleta de cores possui a `classe` chamada `color`.",
              "fullTitle": "2 - Adicione à página uma paleta de quatro cores distintas. Verifica se cada cor individual da paleta de cores possui a `classe` chamada `color`.",
              "timedOut": null,
              "duration": 4315,
              "state": "failed",
              "speed": null,
              "pass": false,
              "fail": true,
              "pending": false,
              "context": null,
              "code": "cy.get('.color').should('have.length', 4).then(function (colors) {\n  for (var i = 0; i < colors.length; i++) {\n    cy.wrap(colors[i]).should('be.visible');\n  }\n});",
              "err": {
                "message": "CypressError: Timed out retrying: Expected to find element: '.color', but never found it.",
                "estack": "CypressError: Timed out retrying: Expected to find element: '.color', but never found it.\n    at cypressErr (http://localhost:34783/__cypress/runner/cypress_runner.js:149934:9)\n    at throwErr (http://localhost:34783/__cypress/runner/cypress_runner.js:149867:11)\n    at Object.throwErrByPath (http://localhost:34783/__cypress/runner/cypress_runner.js:149915:3)\n    at retry (http://localhost:34783/__cypress/runner/cypress_runner.js:144197:19)\n    at onFailFn (http://localhost:34783/__cypress/runner/cypress_runner.js:132448:16)\n    at tryCatcher (http://localhost:34783/__cypress/runner/cypress_runner.js:167415:23)\n    at Promise._settlePromiseFromHandler (http://localhost:34783/__cypress/runner/cypress_runner.js:165351:31)\n    at Promise._settlePromise (http://localhost:34783/__cypress/runner/cypress_runner.js:165408:18)\n    at Promise._settlePromise0 (http://localhost:34783/__cypress/runner/cypress_runner.js:165453:10)\n    at Promise._settlePromises (http://localhost:34783/__cypress/runner/cypress_runner.js:165528:18)\n    at Async../node_modules/bluebird/js/release/async.js.Async._drainQueue (http://localhost:34783/__cypress/runner/cypress_runner.js:162140:16)\n    at Async../node_modules/bluebird/js/release/async.js.Async._drainQueues (http://localhost:34783/__cypress/runner/cypress_runner.js:162150:10)\n    at Async.drainQueues (http://localhost:34783/__cypress/runner/cypress_runner.js:162024:14)",
                "diff": null
              },
              "uuid": "6455b8ba-9ec4-46c9-b4ea-f509cd220fca",
              "parentUUID": "bbdc86b2-bc32-4396-8e8f-dce5403cef52",
              "isHook": false,
              "skipped": false
            },
            {
              "title": "Verifica se a cor de fundo de cada elemento da paleta é a cor que o elemento representa. **A única cor não permitida na paleta é a cor branca.**",
              "fullTitle": "2 - Adicione à página uma paleta de quatro cores distintas. Verifica se a cor de fundo de cada elemento da paleta é a cor que o elemento representa. **A única cor não permitida na paleta é a cor branca.**",
              "timedOut": null,
              "duration": 4276,
              "state": "failed",
              "speed": null,
              "pass": false,
              "fail": true,
              "pending": false,
              "context": null,
              "code": "cy.get('.color').each(function (color) {\n  cy.wrap(color).should('have.class', 'color').and('not.have.css', 'background-color', WHITE);\n  cy.wrap(color).should('have.css', 'background-color');\n});",
              "err": {
                "message": "CypressError: Timed out retrying: Expected to find element: '.color', but never found it.",
                "estack": "CypressError: Timed out retrying: Expected to find element: '.color', but never found it.\n    at cypressErr (http://localhost:34783/__cypress/runner/cypress_runner.js:149934:9)\n    at throwErr (http://localhost:34783/__cypress/runner/cypress_runner.js:149867:11)\n    at Object.throwErrByPath (http://localhost:34783/__cypress/runner/cypress_runner.js:149915:3)\n    at retry (http://localhost:34783/__cypress/runner/cypress_runner.js:144197:19)\n    at onFailFn (http://localhost:34783/__cypress/runner/cypress_runner.js:132448:16)\n    at tryCatcher (http://localhost:34783/__cypress/runner/cypress_runner.js:167415:23)\n    at Promise._settlePromiseFromHandler (http://localhost:34783/__cypress/runner/cypress_runner.js:165351:31)\n    at Promise._settlePromise (http://localhost:34783/__cypress/runner/cypress_runner.js:165408:18)\n    at Promise._settlePromise0 (http://localhost:34783/__cypress/runner/cypress_runner.js:165453:10)\n    at Promise._settlePromises (http://localhost:34783/__cypress/runner/cypress_runner.js:165528:18)\n    at Async../node_modules/bluebird/js/release/async.js.Async._drainQueue (http://localhost:34783/__cypress/runner/cypress_runner.js:162140:16)\n    at Async../node_modules/bluebird/js/release/async.js.Async._drainQueues (http://localhost:34783/__cypress/runner/cypress_runner.js:162150:10)\n    at Async.drainQueues (http://localhost:34783/__cypress/runner/cypress_runner.js:162024:14)",
                "diff": null
              },
              "uuid": "a42e36ce-e5cd-4adf-97b6-1d6ef8b3d557",
              "parentUUID": "bbdc86b2-bc32-4396-8e8f-dce5403cef52",
              "isHook": false,
              "skipped": false
            },
            {
              "title": "Verifica se cada elemento da paleta de cores tem uma borda preta, sólida e com 1 pixel de largura;",
              "fullTitle": "2 - Adicione à página uma paleta de quatro cores distintas. Verifica se cada elemento da paleta de cores tem uma borda preta, sólida e com 1 pixel de largura;",
              "timedOut": null,
              "duration": 4265,
              "state": "failed",
              "speed": null,
              "pass": false,
              "fail": true,
              "pending": false,
              "context": null,
              "code": "cy.get('.color').each(function (color) {\n  cy.wrap(color).and('have.css', 'border', \"1px solid \".concat(BLACK)).and('have.class', 'color');\n});",
              "err": {
                "message": "CypressError: Timed out retrying: Expected to find element: '.color', but never found it.",
                "estack": "CypressError: Timed out retrying: Expected to find element: '.color', but never found it.\n    at cypressErr (http://localhost:34783/__cypress/runner/cypress_runner.js:149934:9)\n    at throwErr (http://localhost:34783/__cypress/runner/cypress_runner.js:149867:11)\n    at Object.throwErrByPath (http://localhost:34783/__cypress/runner/cypress_runner.js:149915:3)\n    at retry (http://localhost:34783/__cypress/runner/cypress_runner.js:144197:19)\n    at onFailFn (http://localhost:34783/__cypress/runner/cypress_runner.js:132448:16)\n    at tryCatcher (http://localhost:34783/__cypress/runner/cypress_runner.js:167415:23)\n    at Promise._settlePromiseFromHandler (http://localhost:34783/__cypress/runner/cypress_runner.js:165351:31)\n    at Promise._settlePromise (http://localhost:34783/__cypress/runner/cypress_runner.js:165408:18)\n    at Promise._settlePromise0 (http://localhost:34783/__cypress/runner/cypress_runner.js:165453:10)\n    at Promise._settlePromises (http://localhost:34783/__cypress/runner/cypress_runner.js:165528:18)\n    at Async../node_modules/bluebird/js/release/async.js.Async._drainQueue (http://localhost:34783/__cypress/runner/cypress_runner.js:162140:16)\n    at Async../node_modules/bluebird/js/release/async.js.Async._drainQueues (http://localhost:34783/__cypress/runner/cypress_runner.js:162150:10)\n    at Async.drainQueues (http://localhost:34783/__cypress/runner/cypress_runner.js:162024:14)",
                "diff": null
              },
              "uuid": "76dbc1fb-d4ca-46c6-81f7-726650432139",
              "parentUUID": "bbdc86b2-bc32-4396-8e8f-dce5403cef52",
              "isHook": false,
              "skipped": false
            },
            {
              "title": "Verifica se a paleta lista todas as cores disponíveis para utilização, lado a lado.",
              "fullTitle": "2 - Adicione à página uma paleta de quatro cores distintas. Verifica se a paleta lista todas as cores disponíveis para utilização, lado a lado.",
              "timedOut": null,
              "duration": 4313,
              "state": "failed",
              "speed": null,
              "pass": false,
              "fail": true,
              "pending": false,
              "context": null,
              "code": "cy.get('.color').then(function (colors) {\n  for (var index = 1; index < colors.length; index += 1) {\n    var currentColor = colors[index];\n    var previousColor = colors[index - 1];\n    cy.wrap(currentColor).should('be.onTheRightOf', previousColor).and('be.horizontallyAlignedWith', previousColor);\n  }\n});",
              "err": {
                "message": "CypressError: Timed out retrying: Expected to find element: '.color', but never found it.",
                "estack": "CypressError: Timed out retrying: Expected to find element: '.color', but never found it.\n    at cypressErr (http://localhost:34783/__cypress/runner/cypress_runner.js:149934:9)\n    at throwErr (http://localhost:34783/__cypress/runner/cypress_runner.js:149867:11)\n    at Object.throwErrByPath (http://localhost:34783/__cypress/runner/cypress_runner.js:149915:3)\n    at retry (http://localhost:34783/__cypress/runner/cypress_runner.js:144197:19)\n    at onFailFn (http://localhost:34783/__cypress/runner/cypress_runner.js:132448:16)\n    at tryCatcher (http://localhost:34783/__cypress/runner/cypress_runner.js:167415:23)\n    at Promise._settlePromiseFromHandler (http://localhost:34783/__cypress/runner/cypress_runner.js:165351:31)\n    at Promise._settlePromise (http://localhost:34783/__cypress/runner/cypress_runner.js:165408:18)\n    at Promise._settlePromise0 (http://localhost:34783/__cypress/runner/cypress_runner.js:165453:10)\n    at Promise._settlePromises (http://localhost:34783/__cypress/runner/cypress_runner.js:165528:18)\n    at Async../node_modules/bluebird/js/release/async.js.Async._drainQueue (http://localhost:34783/__cypress/runner/cypress_runner.js:162140:16)\n    at Async../node_modules/bluebird/js/release/async.js.Async._drainQueues (http://localhost:34783/__cypress/runner/cypress_runner.js:162150:10)\n    at Async.drainQueues (http://localhost:34783/__cypress/runner/cypress_runner.js:162024:14)",
                "diff": null
              },
              "uuid": "833ade01-e1d8-4988-8b72-f48fc126743a",
              "parentUUID": "bbdc86b2-bc32-4396-8e8f-dce5403cef52",
              "isHook": false,
              "skipped": false
            },
            {
              "title": "Verifica se a paleta de cores está posicionada abaixo do título 'Paleta de Cores'",
              "fullTitle": "2 - Adicione à página uma paleta de quatro cores distintas. Verifica se a paleta de cores está posicionada abaixo do título 'Paleta de Cores'",
              "timedOut": null,
              "duration": 169,
              "state": "passed",
              "speed": "slow",
              "pass": true,
              "fail": false,
              "pending": false,
              "context": null,
              "code": "cy.get('h1#title').then(function (title) {\n  cy.get('#color-palette').should('be.belowOf', title);\n});",
              "err": {},
              "uuid": "2206a8eb-7fd1-420b-8686-5e4fd1409776",
              "parentUUID": "bbdc86b2-bc32-4396-8e8f-dce5403cef52",
              "isHook": false,
              "skipped": false
            },
            {
              "title": "Verifica se a paleta de cores não contém cores repetidas.",
              "fullTitle": "2 - Adicione à página uma paleta de quatro cores distintas. Verifica se a paleta de cores não contém cores repetidas.",
              "timedOut": null,
              "duration": 4237,
              "state": "failed",
              "speed": null,
              "pass": false,
              "fail": true,
              "pending": false,
              "context": null,
              "code": "cy.get('.color').then(function (colors) {\n  var allColors = Array.from(colors).map(function (color) {\n    return Cypress.$(color).css('background-color');\n  });\n  cy.log(allColors);\n  var uniqColors = (0, _toConsumableArray2[\"default\"])(new Set(allColors));\n  cy.log(uniqColors);\n  expect(allColors.length).to.eq(uniqColors.length);\n});",
              "err": {
                "message": "CypressError: Timed out retrying: Expected to find element: '.color', but never found it.",
                "estack": "CypressError: Timed out retrying: Expected to find element: '.color', but never found it.\n    at cypressErr (http://localhost:34783/__cypress/runner/cypress_runner.js:149934:9)\n    at throwErr (http://localhost:34783/__cypress/runner/cypress_runner.js:149867:11)\n    at Object.throwErrByPath (http://localhost:34783/__cypress/runner/cypress_runner.js:149915:3)\n    at retry (http://localhost:34783/__cypress/runner/cypress_runner.js:144197:19)\n    at onFailFn (http://localhost:34783/__cypress/runner/cypress_runner.js:132448:16)\n    at tryCatcher (http://localhost:34783/__cypress/runner/cypress_runner.js:167415:23)\n    at Promise._settlePromiseFromHandler (http://localhost:34783/__cypress/runner/cypress_runner.js:165351:31)\n    at Promise._settlePromise (http://localhost:34783/__cypress/runner/cypress_runner.js:165408:18)\n    at Promise._settlePromise0 (http://localhost:34783/__cypress/runner/cypress_runner.js:165453:10)\n    at Promise._settlePromises (http://localhost:34783/__cypress/runner/cypress_runner.js:165528:18)\n    at Async../node_modules/bluebird/js/release/async.js.Async._drainQueue (http://localhost:34783/__cypress/runner/cypress_runner.js:162140:16)\n    at Async../node_modules/bluebird/js/release/async.js.Async._drainQueues (http://localhost:34783/__cypress/runner/cypress_runner.js:162150:10)\n    at Async.drainQueues (http://localhost:34783/__cypress/runner/cypress_runner.js:162024:14)",
                "diff": null
              },
              "uuid": "31563a25-cf3b-4667-a37c-1785721f9aff",
              "parentUUID": "bbdc86b2-bc32-4396-8e8f-dce5403cef52",
              "isHook": false,
              "skipped": false
            }
          ],
          "suites": [],
          "passes": [
            "2206a8eb-7fd1-420b-8686-5e4fd1409776"
          ],
          "failures": [
            "fb22f9b8-cb0b-4b37-850e-6690d6f48ce9",
            "6455b8ba-9ec4-46c9-b4ea-f509cd220fca",
            "a42e36ce-e5cd-4adf-97b6-1d6ef8b3d557",
            "76dbc1fb-d4ca-46c6-81f7-726650432139",
            "833ade01-e1d8-4988-8b72-f48fc126743a",
            "31563a25-cf3b-4667-a37c-1785721f9aff"
          ],
          "pending": [],
          "skipped": [],
          "duration": 25831,
          "root": false,
          "rootEmpty": false,
          "_timeout": 2000
        },
        {
          "uuid": "ea69dac5-46bb-4d62-95ed-26de498ff17f",
          "title": "3 - Adicione a cor **preta** como a primeira cor da paleta de cores.",
          "fullFile": "",
          "file": "",
          "beforeHooks": [],
          "afterHooks": [],
          "tests": [
            {
              "title": "Verifica se a primeira cor da paleta é preta",
              "fullTitle": "3 - Adicione a cor **preta** como a primeira cor da paleta de cores. Verifica se a primeira cor da paleta é preta",
              "timedOut": null,
              "duration": 4296,
              "state": "failed",
              "speed": null,
              "pass": false,
              "fail": true,
              "pending": false,
              "context": null,
              "code": "cy.get('.color').first().should('have.css', 'background-color', BLACK);",
              "err": {
                "message": "CypressError: Timed out retrying: Expected to find element: '.color', but never found it.",
                "estack": "CypressError: Timed out retrying: Expected to find element: '.color', but never found it.\n    at cypressErr (http://localhost:34783/__cypress/runner/cypress_runner.js:149934:9)\n    at throwErr (http://localhost:34783/__cypress/runner/cypress_runner.js:149867:11)\n    at Object.throwErrByPath (http://localhost:34783/__cypress/runner/cypress_runner.js:149915:3)\n    at retry (http://localhost:34783/__cypress/runner/cypress_runner.js:144197:19)\n    at onFailFn (http://localhost:34783/__cypress/runner/cypress_runner.js:132448:16)\n    at tryCatcher (http://localhost:34783/__cypress/runner/cypress_runner.js:167415:23)\n    at Promise._settlePromiseFromHandler (http://localhost:34783/__cypress/runner/cypress_runner.js:165351:31)\n    at Promise._settlePromise (http://localhost:34783/__cypress/runner/cypress_runner.js:165408:18)\n    at Promise._settlePromise0 (http://localhost:34783/__cypress/runner/cypress_runner.js:165453:10)\n    at Promise._settlePromises (http://localhost:34783/__cypress/runner/cypress_runner.js:165528:18)\n    at Async../node_modules/bluebird/js/release/async.js.Async._drainQueue (http://localhost:34783/__cypress/runner/cypress_runner.js:162140:16)\n    at Async../node_modules/bluebird/js/release/async.js.Async._drainQueues (http://localhost:34783/__cypress/runner/cypress_runner.js:162150:10)\n    at Async.drainQueues (http://localhost:34783/__cypress/runner/cypress_runner.js:162024:14)",
                "diff": null
              },
              "uuid": "f27d89d7-71c5-4fab-b27f-dcdbe5dbf9ae",
              "parentUUID": "ea69dac5-46bb-4d62-95ed-26de498ff17f",
              "isHook": false,
              "skipped": false
            },
            {
              "title": "Verifica se as demais cores podem ser escolhidas livremente.",
              "fullTitle": "3 - Adicione a cor **preta** como a primeira cor da paleta de cores. Verifica se as demais cores podem ser escolhidas livremente.",
              "timedOut": null,
              "duration": 4290,
              "state": "failed",
              "speed": null,
              "pass": false,
              "fail": true,
              "pending": false,
              "context": null,
              "code": "cy.get('.color').eq(1).should('not.have.css', 'background-color', BLACK);\ncy.get('.color').eq(1).should('not.have.css', 'background-color', WHITE);\ncy.get('.color').eq(1).should('not.have.css', 'background-color', 'rgba(0, 0, 0, 0)');\ncy.get('.color').eq(1).should('have.css', 'background-color');\ncy.get('.color').eq(2).should('not.have.css', 'background-color', BLACK);\ncy.get('.color').eq(2).should('not.have.css', 'background-color', WHITE);\ncy.get('.color').eq(2).should('not.have.css', 'background-color', 'rgba(0, 0, 0, 0)');\ncy.get('.color').eq(2).should('have.css', 'background-color');\ncy.get('.color').eq(3).should('not.have.css', 'background-color', BLACK);\ncy.get('.color').eq(3).should('not.have.css', 'background-color', WHITE);\ncy.get('.color').eq(3).should('not.have.css', 'background-color', 'rgba(0, 0, 0, 0)');\ncy.get('.color').eq(3).should('have.css', 'background-color');",
              "err": {
                "message": "CypressError: Timed out retrying: Expected to find element: '.color', but never found it.",
                "estack": "CypressError: Timed out retrying: Expected to find element: '.color', but never found it.\n    at cypressErr (http://localhost:34783/__cypress/runner/cypress_runner.js:149934:9)\n    at throwErr (http://localhost:34783/__cypress/runner/cypress_runner.js:149867:11)\n    at Object.throwErrByPath (http://localhost:34783/__cypress/runner/cypress_runner.js:149915:3)\n    at retry (http://localhost:34783/__cypress/runner/cypress_runner.js:144197:19)\n    at onFailFn (http://localhost:34783/__cypress/runner/cypress_runner.js:132448:16)\n    at tryCatcher (http://localhost:34783/__cypress/runner/cypress_runner.js:167415:23)\n    at Promise._settlePromiseFromHandler (http://localhost:34783/__cypress/runner/cypress_runner.js:165351:31)\n    at Promise._settlePromise (http://localhost:34783/__cypress/runner/cypress_runner.js:165408:18)\n    at Promise._settlePromise0 (http://localhost:34783/__cypress/runner/cypress_runner.js:165453:10)\n    at Promise._settlePromises (http://localhost:34783/__cypress/runner/cypress_runner.js:165528:18)\n    at Async../node_modules/bluebird/js/release/async.js.Async._drainQueue (http://localhost:34783/__cypress/runner/cypress_runner.js:162140:16)\n    at Async../node_modules/bluebird/js/release/async.js.Async._drainQueues (http://localhost:34783/__cypress/runner/cypress_runner.js:162150:10)\n    at Async.drainQueues (http://localhost:34783/__cypress/runner/cypress_runner.js:162024:14)",
                "diff": null
              },
              "uuid": "db8f0409-eb28-4260-94f2-c65942256e69",
              "parentUUID": "ea69dac5-46bb-4d62-95ed-26de498ff17f",
              "isHook": false,
              "skipped": false
            }
          ],
          "suites": [],
          "passes": [],
          "failures": [
            "f27d89d7-71c5-4fab-b27f-dcdbe5dbf9ae",
            "db8f0409-eb28-4260-94f2-c65942256e69"
          ],
          "pending": [],
          "skipped": [],
          "duration": 8586,
          "root": false,
          "rootEmpty": false,
          "_timeout": 2000
        },
        {
          "uuid": "d35e2192-1ec8-4e29-9ba3-a874718c1413",
          "title": "4 - Adicione à página um quadro de pixels, com 25 pixels.",
          "fullFile": "",
          "file": "",
          "beforeHooks": [],
          "afterHooks": [],
          "tests": [
            {
              "title": "Verifica se o quadro de pixels possui o `id` denominado `pixel-board`",
              "fullTitle": "4 - Adicione à página um quadro de pixels, com 25 pixels. Verifica se o quadro de pixels possui o `id` denominado `pixel-board`",
              "timedOut": null,
              "duration": 155,
              "state": "passed",
              "speed": "slow",
              "pass": true,
              "fail": false,
              "pending": false,
              "context": null,
              "code": "cy.get('#pixel-board').should('be.visible');",
              "err": {},
              "uuid": "cb5d041f-5117-4f84-b786-a41e7c783d15",
              "parentUUID": "d35e2192-1ec8-4e29-9ba3-a874718c1413",
              "isHook": false,
              "skipped": false
            },
            {
              "title": "Verifica se cada pixel individual dentro do quadro possui a `classe` denominada `pixel`.",
              "fullTitle": "4 - Adicione à página um quadro de pixels, com 25 pixels. Verifica se cada pixel individual dentro do quadro possui a `classe` denominada `pixel`.",
              "timedOut": null,
              "duration": 136,
              "state": "passed",
              "speed": "slow",
              "pass": true,
              "fail": false,
              "pending": false,
              "context": null,
              "code": "cy.get('.pixel').should('have.length', 25);",
              "err": {},
              "uuid": "546c45a8-bea4-4366-9124-c81211510c6b",
              "parentUUID": "d35e2192-1ec8-4e29-9ba3-a874718c1413",
              "isHook": false,
              "skipped": false
            },
            {
              "title": "Verifica se a cor inicial dos pixels dentro do quadro, ao abrir a página, é branca.",
              "fullTitle": "4 - Adicione à página um quadro de pixels, com 25 pixels. Verifica se a cor inicial dos pixels dentro do quadro, ao abrir a página, é branca.",
              "timedOut": null,
              "duration": 154,
              "state": "passed",
              "speed": "slow",
              "pass": true,
              "fail": false,
              "pending": false,
              "context": null,
              "code": "cy.get('.pixel').should('have.length', 25).each(function (pixel) {\n  expect(pixel).to.have.css('background-color', WHITE);\n});",
              "err": {},
              "uuid": "7dc5fba0-467f-4308-813e-621a32b1da32",
              "parentUUID": "d35e2192-1ec8-4e29-9ba3-a874718c1413",
              "isHook": false,
              "skipped": false
            },
            {
              "title": "Verifica se o quadro de pixels aparece abaixo da paleta de cores",
              "fullTitle": "4 - Adicione à página um quadro de pixels, com 25 pixels. Verifica se o quadro de pixels aparece abaixo da paleta de cores",
              "timedOut": null,
              "duration": 89,
              "state": "passed",
              "speed": "slow",
              "pass": true,
              "fail": false,
              "pending": false,
              "context": null,
              "code": "cy.get('#color-palette').then(function (palette) {\n  cy.get('#pixel-board').should('be.belowOf', palette);\n});",
              "err": {},
              "uuid": "b13dd924-b59b-469e-8c8c-519bf4b80843",
              "parentUUID": "d35e2192-1ec8-4e29-9ba3-a874718c1413",
              "isHook": false,
              "skipped": false
            }
          ],
          "suites": [],
          "passes": [
            "cb5d041f-5117-4f84-b786-a41e7c783d15",
            "546c45a8-bea4-4366-9124-c81211510c6b",
            "7dc5fba0-467f-4308-813e-621a32b1da32",
            "b13dd924-b59b-469e-8c8c-519bf4b80843"
          ],
          "failures": [],
          "pending": [],
          "skipped": [],
          "duration": 534,
          "root": false,
          "rootEmpty": false,
          "_timeout": 2000
        },
        {
          "uuid": "1e8b980e-37fa-46b7-a640-e15128fcc2a7",
          "title": "5 - Faça com que cada elemento do quadro de pixels possua 40 pixels de largura, 40 pixels de altura e seja delimitado por uma borda preta de 1 pixel.",
          "fullFile": "",
          "file": "",
          "beforeHooks": [],
          "afterHooks": [],
          "tests": [
            {
              "title": "Verifica se o quadro de pixels tem altura e comprimento de 5 elementos",
              "fullTitle": "5 - Faça com que cada elemento do quadro de pixels possua 40 pixels de largura, 40 pixels de altura e seja delimitado por uma borda preta de 1 pixel. Verifica se o quadro de pixels tem altura e comprimento de 5 elementos",
              "timedOut": null,
              "duration": 256,
              "state": "passed",
              "speed": "slow",
              "pass": true,
              "fail": false,
              "pending": false,
              "context": null,
              "code": "cy.get('.pixel').should('have.length', 25).each(function (pixel) {\n  expect(pixel).to.have.css('background-color', WHITE);\n}).and(function (pixels) {\n  var rows = chunk(pixels, 5);\n  rows.forEach(function (row) {\n    for (var index = 1; index < row.length; index += 1) {\n      var current = pixels[index];\n      var previous = pixels[index - 1];\n      cy.wrap(current).should('be.onTheRightOf', previous).and('be.horizontallyAlignedWith', previous);\n    }\n  });\n  for (var index = 1; index < 5; index += 1) {\n    expect(pixels[index * 5]).to.be.belowOf(pixels[(index - 1) * 5]);\n  }\n});",
              "err": {},
              "uuid": "5a00b6b2-526d-49d9-975c-5ba5babae8a8",
              "parentUUID": "1e8b980e-37fa-46b7-a640-e15128fcc2a7",
              "isHook": false,
              "skipped": false
            },
            {
              "title": "Verifica se 40 pixels é o tamanho total do elemento, incluindo seu conteúdo e excluindo a borda preta, que deve ser criada à parte.",
              "fullTitle": "5 - Faça com que cada elemento do quadro de pixels possua 40 pixels de largura, 40 pixels de altura e seja delimitado por uma borda preta de 1 pixel. Verifica se 40 pixels é o tamanho total do elemento, incluindo seu conteúdo e excluindo a borda preta, que deve ser criada à parte.",
              "timedOut": null,
              "duration": 285,
              "state": "passed",
              "speed": "slow",
              "pass": true,
              "fail": false,
              "pending": false,
              "context": null,
              "code": "cy.get('.pixel').each(function (pixel) {\n  cy.wrap(pixel).should('have.css', 'height', '40px').and('have.css', 'width', '40px').and('have.css', 'border', \"1px solid \".concat(BLACK));\n});",
              "err": {},
              "uuid": "6a409609-9b8b-4beb-bf1f-08df14c77203",
              "parentUUID": "1e8b980e-37fa-46b7-a640-e15128fcc2a7",
              "isHook": false,
              "skipped": false
            }
          ],
          "suites": [],
          "passes": [
            "5a00b6b2-526d-49d9-975c-5ba5babae8a8",
            "6a409609-9b8b-4beb-bf1f-08df14c77203"
          ],
          "failures": [],
          "pending": [],
          "skipped": [],
          "duration": 541,
          "root": false,
          "rootEmpty": false,
          "_timeout": 2000
        },
        {
          "uuid": "efbe6a0e-209e-432b-b620-375be58b87e9",
          "title": "6 - Defina a cor preta como cor inicial. Ao carregar a página a cor preta já deve estar selecionada para pintar os pixels",
          "fullFile": "",
          "file": "",
          "beforeHooks": [],
          "afterHooks": [],
          "tests": [
            {
              "title": "Verifica se o elemento da cor preta possui, inicialmente, a `classe` `selected`",
              "fullTitle": "6 - Defina a cor preta como cor inicial. Ao carregar a página a cor preta já deve estar selecionada para pintar os pixels Verifica se o elemento da cor preta possui, inicialmente, a `classe` `selected`",
              "timedOut": null,
              "duration": 99,
              "state": "passed",
              "speed": "slow",
              "pass": true,
              "fail": false,
              "pending": false,
              "context": null,
              "code": "cy.get('.selected').first().should('have.css', 'background-color', BLACK);",
              "err": {},
              "uuid": "341231ba-d9c2-4577-9d3d-3bc1cc548e9f",
              "parentUUID": "efbe6a0e-209e-432b-b620-375be58b87e9",
              "isHook": false,
              "skipped": false
            },
            {
              "title": "Verifica se nenhuma outra cor da paleta tem a `classe` `selected`",
              "fullTitle": "6 - Defina a cor preta como cor inicial. Ao carregar a página a cor preta já deve estar selecionada para pintar os pixels Verifica se nenhuma outra cor da paleta tem a `classe` `selected`",
              "timedOut": null,
              "duration": 4239,
              "state": "failed",
              "speed": null,
              "pass": false,
              "fail": true,
              "pending": false,
              "context": null,
              "code": "cy.get('.color:not(:first-child)').each(function (color) {\n  cy.wrap(color).should('not.have.class', 'selected');\n});",
              "err": {
                "message": "CypressError: Timed out retrying: Expected to find element: '.color:not(:first-child)', but never found it.",
                "estack": "CypressError: Timed out retrying: Expected to find element: '.color:not(:first-child)', but never found it.\n    at cypressErr (http://localhost:34783/__cypress/runner/cypress_runner.js:149934:9)\n    at throwErr (http://localhost:34783/__cypress/runner/cypress_runner.js:149867:11)\n    at Object.throwErrByPath (http://localhost:34783/__cypress/runner/cypress_runner.js:149915:3)\n    at retry (http://localhost:34783/__cypress/runner/cypress_runner.js:144197:19)\n    at onFailFn (http://localhost:34783/__cypress/runner/cypress_runner.js:132448:16)\n    at tryCatcher (http://localhost:34783/__cypress/runner/cypress_runner.js:167415:23)\n    at Promise._settlePromiseFromHandler (http://localhost:34783/__cypress/runner/cypress_runner.js:165351:31)\n    at Promise._settlePromise (http://localhost:34783/__cypress/runner/cypress_runner.js:165408:18)\n    at Promise._settlePromise0 (http://localhost:34783/__cypress/runner/cypress_runner.js:165453:10)\n    at Promise._settlePromises (http://localhost:34783/__cypress/runner/cypress_runner.js:165528:18)\n    at Async../node_modules/bluebird/js/release/async.js.Async._drainQueue (http://localhost:34783/__cypress/runner/cypress_runner.js:162140:16)\n    at Async../node_modules/bluebird/js/release/async.js.Async._drainQueues (http://localhost:34783/__cypress/runner/cypress_runner.js:162150:10)\n    at Async.drainQueues (http://localhost:34783/__cypress/runner/cypress_runner.js:162024:14)",
                "diff": null
              },
              "uuid": "82b1e2b1-1563-4f6f-99fd-12b56213bca2",
              "parentUUID": "efbe6a0e-209e-432b-b620-375be58b87e9",
              "isHook": false,
              "skipped": false
            }
          ],
          "suites": [],
          "passes": [
            "341231ba-d9c2-4577-9d3d-3bc1cc548e9f"
          ],
          "failures": [
            "82b1e2b1-1563-4f6f-99fd-12b56213bca2"
          ],
          "pending": [],
          "skipped": [],
          "duration": 4338,
          "root": false,
          "rootEmpty": false,
          "_timeout": 2000
        },
        {
          "uuid": "48696fa5-927a-42de-adf3-e871aeac7e12",
          "title": "7 - Clicar em uma das cores da paleta, faz com que ela seja selecionada e utilizada para preencher os pixels no quadro.",
          "fullFile": "",
          "file": "",
          "beforeHooks": [],
          "afterHooks": [],
          "tests": [
            {
              "title": "Verifica se somente uma cor da paleta de cores tem a classe `selected` de cada vez",
              "fullTitle": "7 - Clicar em uma das cores da paleta, faz com que ela seja selecionada e utilizada para preencher os pixels no quadro. Verifica se somente uma cor da paleta de cores tem a classe `selected` de cada vez",
              "timedOut": null,
              "duration": 4363,
              "state": "failed",
              "speed": null,
              "pass": false,
              "fail": true,
              "pending": false,
              "context": null,
              "code": "cy.get('.color').each(function (selectedColor, selectedColorIndex) {\n  cy.wrap(selectedColor).click();\n  cy.get('.color').each(function (color, colorIndex) {\n    if (colorIndex === selectedColorIndex) {\n      expect(color).to.have[\"class\"]('selected');\n    } else {\n      expect(color).not.to.have[\"class\"]('selected');\n    }\n  });\n});",
              "err": {
                "message": "CypressError: Timed out retrying: Expected to find element: '.color', but never found it.",
                "estack": "CypressError: Timed out retrying: Expected to find element: '.color', but never found it.\n    at cypressErr (http://localhost:34783/__cypress/runner/cypress_runner.js:149934:9)\n    at throwErr (http://localhost:34783/__cypress/runner/cypress_runner.js:149867:11)\n    at Object.throwErrByPath (http://localhost:34783/__cypress/runner/cypress_runner.js:149915:3)\n    at retry (http://localhost:34783/__cypress/runner/cypress_runner.js:144197:19)\n    at onFailFn (http://localhost:34783/__cypress/runner/cypress_runner.js:132448:16)\n    at tryCatcher (http://localhost:34783/__cypress/runner/cypress_runner.js:167415:23)\n    at Promise._settlePromiseFromHandler (http://localhost:34783/__cypress/runner/cypress_runner.js:165351:31)\n    at Promise._settlePromise (http://localhost:34783/__cypress/runner/cypress_runner.js:165408:18)\n    at Promise._settlePromise0 (http://localhost:34783/__cypress/runner/cypress_runner.js:165453:10)\n    at Promise._settlePromises (http://localhost:34783/__cypress/runner/cypress_runner.js:165528:18)\n    at Async../node_modules/bluebird/js/release/async.js.Async._drainQueue (http://localhost:34783/__cypress/runner/cypress_runner.js:162140:16)\n    at Async../node_modules/bluebird/js/release/async.js.Async._drainQueues (http://localhost:34783/__cypress/runner/cypress_runner.js:162150:10)\n    at Async.drainQueues (http://localhost:34783/__cypress/runner/cypress_runner.js:162024:14)",
                "diff": null
              },
              "uuid": "e38581a2-95c0-431d-b2dc-017cbde0f64c",
              "parentUUID": "48696fa5-927a-42de-adf3-e871aeac7e12",
              "isHook": false,
              "skipped": false
            },
            {
              "title": "Verifica se os pixels dentro do quadro não têm a classe `selected` quando são clicados",
              "fullTitle": "7 - Clicar em uma das cores da paleta, faz com que ela seja selecionada e utilizada para preencher os pixels no quadro. Verifica se os pixels dentro do quadro não têm a classe `selected` quando são clicados",
              "timedOut": null,
              "duration": 4282,
              "state": "failed",
              "speed": null,
              "pass": false,
              "fail": true,
              "pending": false,
              "context": null,
              "code": "cy.get('.color').each(function (color) {\n  var backgroundColor = color.css('background-color');\n  cy.wrap(color).click();\n  cy.get('.pixel').each(function (pixel) {\n    cy.wrap(pixel).click().should('not.have.class', 'selected');\n  });\n});",
              "err": {
                "message": "CypressError: Timed out retrying: Expected to find element: '.color', but never found it.",
                "estack": "CypressError: Timed out retrying: Expected to find element: '.color', but never found it.\n    at cypressErr (http://localhost:34783/__cypress/runner/cypress_runner.js:149934:9)\n    at throwErr (http://localhost:34783/__cypress/runner/cypress_runner.js:149867:11)\n    at Object.throwErrByPath (http://localhost:34783/__cypress/runner/cypress_runner.js:149915:3)\n    at retry (http://localhost:34783/__cypress/runner/cypress_runner.js:144197:19)\n    at onFailFn (http://localhost:34783/__cypress/runner/cypress_runner.js:132448:16)\n    at tryCatcher (http://localhost:34783/__cypress/runner/cypress_runner.js:167415:23)\n    at Promise._settlePromiseFromHandler (http://localhost:34783/__cypress/runner/cypress_runner.js:165351:31)\n    at Promise._settlePromise (http://localhost:34783/__cypress/runner/cypress_runner.js:165408:18)\n    at Promise._settlePromise0 (http://localhost:34783/__cypress/runner/cypress_runner.js:165453:10)\n    at Promise._settlePromises (http://localhost:34783/__cypress/runner/cypress_runner.js:165528:18)\n    at Async../node_modules/bluebird/js/release/async.js.Async._drainQueue (http://localhost:34783/__cypress/runner/cypress_runner.js:162140:16)\n    at Async../node_modules/bluebird/js/release/async.js.Async._drainQueues (http://localhost:34783/__cypress/runner/cypress_runner.js:162150:10)\n    at Async.drainQueues (http://localhost:34783/__cypress/runner/cypress_runner.js:162024:14)",
                "diff": null
              },
              "uuid": "80771675-8dd6-4ba0-ba5b-1ba8264f0623",
              "parentUUID": "48696fa5-927a-42de-adf3-e871aeac7e12",
              "isHook": false,
              "skipped": false
            }
          ],
          "suites": [],
          "passes": [],
          "failures": [
            "e38581a2-95c0-431d-b2dc-017cbde0f64c",
            "80771675-8dd6-4ba0-ba5b-1ba8264f0623"
          ],
          "pending": [],
          "skipped": [],
          "duration": 8645,
          "root": false,
          "rootEmpty": false,
          "_timeout": 2000
        },
        {
          "uuid": "f6fc1fea-fd34-4f8f-a013-6aa40112bebd",
          "title": "8 - Clicar em um pixel dentro do quadro após selecionar uma cor na paleta, faz com que o pixel seja preenchido com a cor selecionada.",
          "fullFile": "",
          "file": "",
          "beforeHooks": [],
          "afterHooks": [],
          "tests": [
            {
              "title": "Verifica se ao carregar a página deve ser possível pintar os pixels de preto",
              "fullTitle": "8 - Clicar em um pixel dentro do quadro após selecionar uma cor na paleta, faz com que o pixel seja preenchido com a cor selecionada. Verifica se ao carregar a página deve ser possível pintar os pixels de preto",
              "timedOut": null,
              "duration": 2072,
              "state": "passed",
              "speed": "slow",
              "pass": true,
              "fail": false,
              "pending": false,
              "context": null,
              "code": "cy.get('.pixel').each(function (pixel) {\n  cy.wrap(pixel).click().should('have.css', 'background-color', BLACK);\n});",
              "err": {},
              "uuid": "62ebd3c5-5f38-419a-b614-85a8b7d12328",
              "parentUUID": "f6fc1fea-fd34-4f8f-a013-6aa40112bebd",
              "isHook": false,
              "skipped": false
            },
            {
              "title": "Verifica se após selecionar uma outra cor na paleta, é possível pintar os pixels com essa cor",
              "fullTitle": "8 - Clicar em um pixel dentro do quadro após selecionar uma cor na paleta, faz com que o pixel seja preenchido com a cor selecionada. Verifica se após selecionar uma outra cor na paleta, é possível pintar os pixels com essa cor",
              "timedOut": null,
              "duration": 4260,
              "state": "failed",
              "speed": null,
              "pass": false,
              "fail": true,
              "pending": false,
              "context": null,
              "code": "cy.get('.color').each(function (color) {\n  var backgroundColor = color.css('background-color');\n  cy.wrap(color).click();\n  cy.get('.pixel').each(function (pixel) {\n    cy.wrap(pixel).click().should('have.css', 'background-color', backgroundColor);\n  });\n});",
              "err": {
                "message": "CypressError: Timed out retrying: Expected to find element: '.color', but never found it.",
                "estack": "CypressError: Timed out retrying: Expected to find element: '.color', but never found it.\n    at cypressErr (http://localhost:34783/__cypress/runner/cypress_runner.js:149934:9)\n    at throwErr (http://localhost:34783/__cypress/runner/cypress_runner.js:149867:11)\n    at Object.throwErrByPath (http://localhost:34783/__cypress/runner/cypress_runner.js:149915:3)\n    at retry (http://localhost:34783/__cypress/runner/cypress_runner.js:144197:19)\n    at onFailFn (http://localhost:34783/__cypress/runner/cypress_runner.js:132448:16)\n    at tryCatcher (http://localhost:34783/__cypress/runner/cypress_runner.js:167415:23)\n    at Promise._settlePromiseFromHandler (http://localhost:34783/__cypress/runner/cypress_runner.js:165351:31)\n    at Promise._settlePromise (http://localhost:34783/__cypress/runner/cypress_runner.js:165408:18)\n    at Promise._settlePromise0 (http://localhost:34783/__cypress/runner/cypress_runner.js:165453:10)\n    at Promise._settlePromises (http://localhost:34783/__cypress/runner/cypress_runner.js:165528:18)\n    at Async../node_modules/bluebird/js/release/async.js.Async._drainQueue (http://localhost:34783/__cypress/runner/cypress_runner.js:162140:16)\n    at Async../node_modules/bluebird/js/release/async.js.Async._drainQueues (http://localhost:34783/__cypress/runner/cypress_runner.js:162150:10)\n    at Async.drainQueues (http://localhost:34783/__cypress/runner/cypress_runner.js:162024:14)",
                "diff": null
              },
              "uuid": "c5b537e6-3ab3-45d7-9f32-f573d8c503be",
              "parentUUID": "f6fc1fea-fd34-4f8f-a013-6aa40112bebd",
              "isHook": false,
              "skipped": false
            },
            {
              "title": "Verifica se somente o pixel que foi clicado foi preenchido com a cor selecionada, sem influenciar na cor dos demais pixels.",
              "fullTitle": "8 - Clicar em um pixel dentro do quadro após selecionar uma cor na paleta, faz com que o pixel seja preenchido com a cor selecionada. Verifica se somente o pixel que foi clicado foi preenchido com a cor selecionada, sem influenciar na cor dos demais pixels.",
              "timedOut": null,
              "duration": 4282,
              "state": "failed",
              "speed": null,
              "pass": false,
              "fail": true,
              "pending": false,
              "context": null,
              "code": "var colorToPixelIndexMap = {\n  0: 6,\n  1: 8,\n  2: 16,\n  3: 18\n};\ncy.get('.color').each(function (color, index) {\n  cy.wrap(color).click();\n  var backgroundColor = color.css('background-color');\n  var clickedPixelIndex = colorToPixelIndexMap[index];\n  cy.get('.pixel').eq(clickedPixelIndex).click();\n  cy.get('.pixel').eq(clickedPixelIndex - 1).should('not.have.css', 'background-color', backgroundColor);\n  cy.get('.pixel').eq(clickedPixelIndex + 1).should('not.have.css', 'background-color', backgroundColor);\n  cy.get('.pixel').eq(clickedPixelIndex - 5).should('not.have.css', 'background-color', backgroundColor);\n  cy.get('.pixel').eq(clickedPixelIndex + 5).should('not.have.css', 'background-color', backgroundColor);\n  cy.get('.pixel').eq(clickedPixelIndex - 6).should('not.have.css', 'background-color', backgroundColor);\n  cy.get('.pixel').eq(clickedPixelIndex - 4).should('not.have.css', 'background-color', backgroundColor);\n  cy.get('.pixel').eq(clickedPixelIndex + 4).should('not.have.css', 'background-color', backgroundColor);\n  cy.get('.pixel').eq(clickedPixelIndex + 6).should('not.have.css', 'background-color', backgroundColor);\n});",
              "err": {
                "message": "CypressError: Timed out retrying: Expected to find element: '.color', but never found it.",
                "estack": "CypressError: Timed out retrying: Expected to find element: '.color', but never found it.\n    at cypressErr (http://localhost:34783/__cypress/runner/cypress_runner.js:149934:9)\n    at throwErr (http://localhost:34783/__cypress/runner/cypress_runner.js:149867:11)\n    at Object.throwErrByPath (http://localhost:34783/__cypress/runner/cypress_runner.js:149915:3)\n    at retry (http://localhost:34783/__cypress/runner/cypress_runner.js:144197:19)\n    at onFailFn (http://localhost:34783/__cypress/runner/cypress_runner.js:132448:16)\n    at tryCatcher (http://localhost:34783/__cypress/runner/cypress_runner.js:167415:23)\n    at Promise._settlePromiseFromHandler (http://localhost:34783/__cypress/runner/cypress_runner.js:165351:31)\n    at Promise._settlePromise (http://localhost:34783/__cypress/runner/cypress_runner.js:165408:18)\n    at Promise._settlePromise0 (http://localhost:34783/__cypress/runner/cypress_runner.js:165453:10)\n    at Promise._settlePromises (http://localhost:34783/__cypress/runner/cypress_runner.js:165528:18)\n    at Async../node_modules/bluebird/js/release/async.js.Async._drainQueue (http://localhost:34783/__cypress/runner/cypress_runner.js:162140:16)\n    at Async../node_modules/bluebird/js/release/async.js.Async._drainQueues (http://localhost:34783/__cypress/runner/cypress_runner.js:162150:10)\n    at Async.drainQueues (http://localhost:34783/__cypress/runner/cypress_runner.js:162024:14)",
                "diff": null
              },
              "uuid": "0a4984bc-1adb-41f3-9b4f-1b66bfcbfa84",
              "parentUUID": "f6fc1fea-fd34-4f8f-a013-6aa40112bebd",
              "isHook": false,
              "skipped": false
            }
          ],
          "suites": [],
          "passes": [
            "62ebd3c5-5f38-419a-b614-85a8b7d12328"
          ],
          "failures": [
            "c5b537e6-3ab3-45d7-9f32-f573d8c503be",
            "0a4984bc-1adb-41f3-9b4f-1b66bfcbfa84"
          ],
          "pending": [],
          "skipped": [],
          "duration": 10614,
          "root": false,
          "rootEmpty": false,
          "_timeout": 2000
        },
        {
          "uuid": "0cc2cb5b-4e99-4d1e-bb1f-480a58219d38",
          "title": "9 - Crie um botão que, ao ser clicado, limpa o quadro preenchendo a cor de todos seus pixels com branco.",
          "fullFile": "",
          "file": "",
          "beforeHooks": [],
          "afterHooks": [],
          "tests": [
            {
              "title": "Verifica se o botão tem o `id` denominado `clear-board`",
              "fullTitle": "9 - Crie um botão que, ao ser clicado, limpa o quadro preenchendo a cor de todos seus pixels com branco. Verifica se o botão tem o `id` denominado `clear-board`",
              "timedOut": null,
              "duration": 4324,
              "state": "failed",
              "speed": null,
              "pass": false,
              "fail": true,
              "pending": false,
              "context": null,
              "code": "cy.get('#clear-board').should('be.visible');",
              "err": {
                "message": "CypressError: Timed out retrying: Expected to find element: '#clear-board', but never found it.",
                "estack": "CypressError: Timed out retrying: Expected to find element: '#clear-board', but never found it.\n    at cypressErr (http://localhost:34783/__cypress/runner/cypress_runner.js:149934:9)\n    at throwErr (http://localhost:34783/__cypress/runner/cypress_runner.js:149867:11)\n    at Object.throwErrByPath (http://localhost:34783/__cypress/runner/cypress_runner.js:149915:3)\n    at retry (http://localhost:34783/__cypress/runner/cypress_runner.js:144197:19)\n    at onFailFn (http://localhost:34783/__cypress/runner/cypress_runner.js:132448:16)\n    at tryCatcher (http://localhost:34783/__cypress/runner/cypress_runner.js:167415:23)\n    at Promise._settlePromiseFromHandler (http://localhost:34783/__cypress/runner/cypress_runner.js:165351:31)\n    at Promise._settlePromise (http://localhost:34783/__cypress/runner/cypress_runner.js:165408:18)\n    at Promise._settlePromise0 (http://localhost:34783/__cypress/runner/cypress_runner.js:165453:10)\n    at Promise._settlePromises (http://localhost:34783/__cypress/runner/cypress_runner.js:165528:18)\n    at Async../node_modules/bluebird/js/release/async.js.Async._drainQueue (http://localhost:34783/__cypress/runner/cypress_runner.js:162140:16)\n    at Async../node_modules/bluebird/js/release/async.js.Async._drainQueues (http://localhost:34783/__cypress/runner/cypress_runner.js:162150:10)\n    at Async.drainQueues (http://localhost:34783/__cypress/runner/cypress_runner.js:162024:14)",
                "diff": null
              },
              "uuid": "855bea53-a75f-4c07-ad14-5795b9d4ed16",
              "parentUUID": "0cc2cb5b-4e99-4d1e-bb1f-480a58219d38",
              "isHook": false,
              "skipped": false
            },
            {
              "title": "Verifica se o botão está posicionado entre a paleta de cores e o quadro de pixels",
              "fullTitle": "9 - Crie um botão que, ao ser clicado, limpa o quadro preenchendo a cor de todos seus pixels com branco. Verifica se o botão está posicionado entre a paleta de cores e o quadro de pixels",
              "timedOut": null,
              "duration": 4277,
              "state": "failed",
              "speed": null,
              "pass": false,
              "fail": true,
              "pending": false,
              "context": null,
              "code": "cy.get('#color-palette').then(function (palette) {\n  cy.get('#clear-board').should('be.belowOf', palette);\n});\ncy.get('#clear-board').then(function (clearBtn) {\n  cy.get('#pixel-board').should('be.belowOf', clearBtn);\n});",
              "err": {
                "message": "CypressError: Timed out retrying: Expected to find element: '#clear-board', but never found it.",
                "estack": "CypressError: Timed out retrying: Expected to find element: '#clear-board', but never found it.\n    at cypressErr (http://localhost:34783/__cypress/runner/cypress_runner.js:149934:9)\n    at throwErr (http://localhost:34783/__cypress/runner/cypress_runner.js:149867:11)\n    at Object.throwErrByPath (http://localhost:34783/__cypress/runner/cypress_runner.js:149915:3)\n    at retry (http://localhost:34783/__cypress/runner/cypress_runner.js:144197:19)\n    at onFailFn (http://localhost:34783/__cypress/runner/cypress_runner.js:132448:16)\n    at tryCatcher (http://localhost:34783/__cypress/runner/cypress_runner.js:167415:23)\n    at Promise._settlePromiseFromHandler (http://localhost:34783/__cypress/runner/cypress_runner.js:165351:31)\n    at Promise._settlePromise (http://localhost:34783/__cypress/runner/cypress_runner.js:165408:18)\n    at Promise._settlePromise0 (http://localhost:34783/__cypress/runner/cypress_runner.js:165453:10)\n    at Promise._settlePromises (http://localhost:34783/__cypress/runner/cypress_runner.js:165528:18)\n    at Async../node_modules/bluebird/js/release/async.js.Async._drainQueue (http://localhost:34783/__cypress/runner/cypress_runner.js:162140:16)\n    at Async../node_modules/bluebird/js/release/async.js.Async._drainQueues (http://localhost:34783/__cypress/runner/cypress_runner.js:162150:10)\n    at Async.drainQueues (http://localhost:34783/__cypress/runner/cypress_runner.js:162024:14)",
                "diff": null
              },
              "uuid": "1d6e1a07-8b4d-4a84-b1ca-6425ed9efc63",
              "parentUUID": "0cc2cb5b-4e99-4d1e-bb1f-480a58219d38",
              "isHook": false,
              "skipped": false
            },
            {
              "title": "Verifica se o texto do botão é 'Limpar'",
              "fullTitle": "9 - Crie um botão que, ao ser clicado, limpa o quadro preenchendo a cor de todos seus pixels com branco. Verifica se o texto do botão é 'Limpar'",
              "timedOut": null,
              "duration": 4398,
              "state": "failed",
              "speed": null,
              "pass": false,
              "fail": true,
              "pending": false,
              "context": null,
              "code": "cy.get('#clear-board').should('contain.text', 'Limpar');",
              "err": {
                "message": "CypressError: Timed out retrying: Expected to find element: '#clear-board', but never found it.",
                "estack": "CypressError: Timed out retrying: Expected to find element: '#clear-board', but never found it.\n    at cypressErr (http://localhost:34783/__cypress/runner/cypress_runner.js:149934:9)\n    at throwErr (http://localhost:34783/__cypress/runner/cypress_runner.js:149867:11)\n    at Object.throwErrByPath (http://localhost:34783/__cypress/runner/cypress_runner.js:149915:3)\n    at retry (http://localhost:34783/__cypress/runner/cypress_runner.js:144197:19)\n    at onFailFn (http://localhost:34783/__cypress/runner/cypress_runner.js:132448:16)\n    at tryCatcher (http://localhost:34783/__cypress/runner/cypress_runner.js:167415:23)\n    at Promise._settlePromiseFromHandler (http://localhost:34783/__cypress/runner/cypress_runner.js:165351:31)\n    at Promise._settlePromise (http://localhost:34783/__cypress/runner/cypress_runner.js:165408:18)\n    at Promise._settlePromise0 (http://localhost:34783/__cypress/runner/cypress_runner.js:165453:10)\n    at Promise._settlePromises (http://localhost:34783/__cypress/runner/cypress_runner.js:165528:18)\n    at Async../node_modules/bluebird/js/release/async.js.Async._drainQueue (http://localhost:34783/__cypress/runner/cypress_runner.js:162140:16)\n    at Async../node_modules/bluebird/js/release/async.js.Async._drainQueues (http://localhost:34783/__cypress/runner/cypress_runner.js:162150:10)\n    at Async.drainQueues (http://localhost:34783/__cypress/runner/cypress_runner.js:162024:14)",
                "diff": null
              },
              "uuid": "b71f2766-528b-4a8e-b9eb-98b2275afbc0",
              "parentUUID": "0cc2cb5b-4e99-4d1e-bb1f-480a58219d38",
              "isHook": false,
              "skipped": false
            },
            {
              "title": "Verifica se ao clicar no botão, o quadro de pixels é totalmente preenchido de branco",
              "fullTitle": "9 - Crie um botão que, ao ser clicado, limpa o quadro preenchendo a cor de todos seus pixels com branco. Verifica se ao clicar no botão, o quadro de pixels é totalmente preenchido de branco",
              "timedOut": null,
              "duration": 4311,
              "state": "failed",
              "speed": null,
              "pass": false,
              "fail": true,
              "pending": false,
              "context": null,
              "code": "cy.get('.color').eq(1).then(function (color) {\n  var backgroundColor = color.css('background-color');\n  cy.wrap(color).click();\n  cy.get('.pixel').each(function (pixel) {\n    cy.wrap(pixel).click().should('have.css', 'background-color', backgroundColor);\n  });\n});\ncy.get('#clear-board').click();\ncy.get('.pixel').each(function (pixel) {\n  cy.wrap(pixel).should('have.css', 'background-color', WHITE);\n});",
              "err": {
                "message": "CypressError: Timed out retrying: Expected to find element: '.color', but never found it.",
                "estack": "CypressError: Timed out retrying: Expected to find element: '.color', but never found it.\n    at cypressErr (http://localhost:34783/__cypress/runner/cypress_runner.js:149934:9)\n    at throwErr (http://localhost:34783/__cypress/runner/cypress_runner.js:149867:11)\n    at Object.throwErrByPath (http://localhost:34783/__cypress/runner/cypress_runner.js:149915:3)\n    at retry (http://localhost:34783/__cypress/runner/cypress_runner.js:144197:19)\n    at onFailFn (http://localhost:34783/__cypress/runner/cypress_runner.js:132448:16)\n    at tryCatcher (http://localhost:34783/__cypress/runner/cypress_runner.js:167415:23)\n    at Promise._settlePromiseFromHandler (http://localhost:34783/__cypress/runner/cypress_runner.js:165351:31)\n    at Promise._settlePromise (http://localhost:34783/__cypress/runner/cypress_runner.js:165408:18)\n    at Promise._settlePromise0 (http://localhost:34783/__cypress/runner/cypress_runner.js:165453:10)\n    at Promise._settlePromises (http://localhost:34783/__cypress/runner/cypress_runner.js:165528:18)\n    at Async../node_modules/bluebird/js/release/async.js.Async._drainQueue (http://localhost:34783/__cypress/runner/cypress_runner.js:162140:16)\n    at Async../node_modules/bluebird/js/release/async.js.Async._drainQueues (http://localhost:34783/__cypress/runner/cypress_runner.js:162150:10)\n    at Async.drainQueues (http://localhost:34783/__cypress/runner/cypress_runner.js:162024:14)",
                "diff": null
              },
              "uuid": "b4127f59-3603-4795-93f7-ddee684a4d2b",
              "parentUUID": "0cc2cb5b-4e99-4d1e-bb1f-480a58219d38",
              "isHook": false,
              "skipped": false
            }
          ],
          "suites": [],
          "passes": [],
          "failures": [
            "855bea53-a75f-4c07-ad14-5795b9d4ed16",
            "1d6e1a07-8b4d-4a84-b1ca-6425ed9efc63",
            "b71f2766-528b-4a8e-b9eb-98b2275afbc0",
            "b4127f59-3603-4795-93f7-ddee684a4d2b"
          ],
          "pending": [],
          "skipped": [],
          "duration": 17310,
          "root": false,
          "rootEmpty": false,
          "_timeout": 2000
        },
        {
          "uuid": "a4e29600-a63f-44cd-aa2d-83c09029f051",
          "title": "10 - Faça o quadro de pixels ter seu tamanho definido pelo usuário.",
          "fullFile": "",
          "file": "",
          "beforeHooks": [],
          "afterHooks": [],
          "tests": [
            {
              "title": "Verifica se existe um input com o id `board-size`",
              "fullTitle": "10 - Faça o quadro de pixels ter seu tamanho definido pelo usuário. Verifica se existe um input com o id `board-size`",
              "timedOut": null,
              "duration": 4298,
              "state": "failed",
              "speed": null,
              "pass": false,
              "fail": true,
              "pending": false,
              "context": null,
              "code": "cy.get('#board-size').should('be.visible');",
              "err": {
                "message": "CypressError: Timed out retrying: Expected to find element: '#board-size', but never found it.",
                "estack": "CypressError: Timed out retrying: Expected to find element: '#board-size', but never found it.\n    at cypressErr (http://localhost:34783/__cypress/runner/cypress_runner.js:149934:9)\n    at throwErr (http://localhost:34783/__cypress/runner/cypress_runner.js:149867:11)\n    at Object.throwErrByPath (http://localhost:34783/__cypress/runner/cypress_runner.js:149915:3)\n    at retry (http://localhost:34783/__cypress/runner/cypress_runner.js:144197:19)\n    at onFailFn (http://localhost:34783/__cypress/runner/cypress_runner.js:132448:16)\n    at tryCatcher (http://localhost:34783/__cypress/runner/cypress_runner.js:167415:23)\n    at Promise._settlePromiseFromHandler (http://localhost:34783/__cypress/runner/cypress_runner.js:165351:31)\n    at Promise._settlePromise (http://localhost:34783/__cypress/runner/cypress_runner.js:165408:18)\n    at Promise._settlePromise0 (http://localhost:34783/__cypress/runner/cypress_runner.js:165453:10)\n    at Promise._settlePromises (http://localhost:34783/__cypress/runner/cypress_runner.js:165528:18)\n    at Async../node_modules/bluebird/js/release/async.js.Async._drainQueue (http://localhost:34783/__cypress/runner/cypress_runner.js:162140:16)\n    at Async../node_modules/bluebird/js/release/async.js.Async._drainQueues (http://localhost:34783/__cypress/runner/cypress_runner.js:162150:10)\n    at Async.drainQueues (http://localhost:34783/__cypress/runner/cypress_runner.js:162024:14)",
                "diff": null
              },
              "uuid": "70f5e092-c068-4659-8e80-32762c8f8352",
              "parentUUID": "a4e29600-a63f-44cd-aa2d-83c09029f051",
              "isHook": false,
              "skipped": false
            },
            {
              "title": "Verifica se existe um botão com o id `generate-board`",
              "fullTitle": "10 - Faça o quadro de pixels ter seu tamanho definido pelo usuário. Verifica se existe um botão com o id `generate-board`",
              "timedOut": null,
              "duration": 4291,
              "state": "failed",
              "speed": null,
              "pass": false,
              "fail": true,
              "pending": false,
              "context": null,
              "code": "cy.get('#generate-board').should('be.visible');",
              "err": {
                "message": "CypressError: Timed out retrying: Expected to find element: '#generate-board', but never found it.",
                "estack": "CypressError: Timed out retrying: Expected to find element: '#generate-board', but never found it.\n    at cypressErr (http://localhost:34783/__cypress/runner/cypress_runner.js:149934:9)\n    at throwErr (http://localhost:34783/__cypress/runner/cypress_runner.js:149867:11)\n    at Object.throwErrByPath (http://localhost:34783/__cypress/runner/cypress_runner.js:149915:3)\n    at retry (http://localhost:34783/__cypress/runner/cypress_runner.js:144197:19)\n    at onFailFn (http://localhost:34783/__cypress/runner/cypress_runner.js:132448:16)\n    at tryCatcher (http://localhost:34783/__cypress/runner/cypress_runner.js:167415:23)\n    at Promise._settlePromiseFromHandler (http://localhost:34783/__cypress/runner/cypress_runner.js:165351:31)\n    at Promise._settlePromise (http://localhost:34783/__cypress/runner/cypress_runner.js:165408:18)\n    at Promise._settlePromise0 (http://localhost:34783/__cypress/runner/cypress_runner.js:165453:10)\n    at Promise._settlePromises (http://localhost:34783/__cypress/runner/cypress_runner.js:165528:18)\n    at Async../node_modules/bluebird/js/release/async.js.Async._drainQueue (http://localhost:34783/__cypress/runner/cypress_runner.js:162140:16)\n    at Async../node_modules/bluebird/js/release/async.js.Async._drainQueues (http://localhost:34783/__cypress/runner/cypress_runner.js:162150:10)\n    at Async.drainQueues (http://localhost:34783/__cypress/runner/cypress_runner.js:162024:14)",
                "diff": null
              },
              "uuid": "70bfc484-052e-4cd7-9fab-406f6cef5243",
              "parentUUID": "a4e29600-a63f-44cd-aa2d-83c09029f051",
              "isHook": false,
              "skipped": false
            },
            {
              "title": "Verifica se o input só aceita número maiores que zero. Essa restrição deve ser feita usando os atributos do elemento `input`",
              "fullTitle": "10 - Faça o quadro de pixels ter seu tamanho definido pelo usuário. Verifica se o input só aceita número maiores que zero. Essa restrição deve ser feita usando os atributos do elemento `input`",
              "timedOut": null,
              "duration": 4272,
              "state": "failed",
              "speed": null,
              "pass": false,
              "fail": true,
              "pending": false,
              "context": null,
              "code": "cy.get('#board-size[type=\\'number\\'][min=\\'1\\']');",
              "err": {
                "message": "CypressError: Timed out retrying: Expected to find element: '#board-size[type='number'][min='1']', but never found it.",
                "estack": "CypressError: Timed out retrying: Expected to find element: '#board-size[type='number'][min='1']', but never found it.\n    at cypressErr (http://localhost:34783/__cypress/runner/cypress_runner.js:149934:9)\n    at throwErr (http://localhost:34783/__cypress/runner/cypress_runner.js:149867:11)\n    at Object.throwErrByPath (http://localhost:34783/__cypress/runner/cypress_runner.js:149915:3)\n    at retry (http://localhost:34783/__cypress/runner/cypress_runner.js:144197:19)\n    at onFailFn (http://localhost:34783/__cypress/runner/cypress_runner.js:132448:16)\n    at tryCatcher (http://localhost:34783/__cypress/runner/cypress_runner.js:167415:23)\n    at Promise._settlePromiseFromHandler (http://localhost:34783/__cypress/runner/cypress_runner.js:165351:31)\n    at Promise._settlePromise (http://localhost:34783/__cypress/runner/cypress_runner.js:165408:18)\n    at Promise._settlePromise0 (http://localhost:34783/__cypress/runner/cypress_runner.js:165453:10)\n    at Promise._settlePromises (http://localhost:34783/__cypress/runner/cypress_runner.js:165528:18)\n    at Async../node_modules/bluebird/js/release/async.js.Async._drainQueue (http://localhost:34783/__cypress/runner/cypress_runner.js:162140:16)\n    at Async../node_modules/bluebird/js/release/async.js.Async._drainQueues (http://localhost:34783/__cypress/runner/cypress_runner.js:162150:10)\n    at Async.drainQueues (http://localhost:34783/__cypress/runner/cypress_runner.js:162024:14)",
                "diff": null
              },
              "uuid": "367cb1ab-db51-45f4-99b6-c0829ff0f343",
              "parentUUID": "a4e29600-a63f-44cd-aa2d-83c09029f051",
              "isHook": false,
              "skipped": false
            },
            {
              "title": "Verifica se o botão contém o texto 'VQV'",
              "fullTitle": "10 - Faça o quadro de pixels ter seu tamanho definido pelo usuário. Verifica se o botão contém o texto 'VQV'",
              "timedOut": null,
              "duration": 4304,
              "state": "failed",
              "speed": null,
              "pass": false,
              "fail": true,
              "pending": false,
              "context": null,
              "code": "cy.get('#generate-board').contains(/vqv/i);",
              "err": {
                "message": "CypressError: Timed out retrying: Expected to find element: '#generate-board', but never found it.",
                "estack": "CypressError: Timed out retrying: Expected to find element: '#generate-board', but never found it.\n    at cypressErr (http://localhost:34783/__cypress/runner/cypress_runner.js:149934:9)\n    at throwErr (http://localhost:34783/__cypress/runner/cypress_runner.js:149867:11)\n    at Object.throwErrByPath (http://localhost:34783/__cypress/runner/cypress_runner.js:149915:3)\n    at retry (http://localhost:34783/__cypress/runner/cypress_runner.js:144197:19)\n    at onFailFn (http://localhost:34783/__cypress/runner/cypress_runner.js:132448:16)\n    at tryCatcher (http://localhost:34783/__cypress/runner/cypress_runner.js:167415:23)\n    at Promise._settlePromiseFromHandler (http://localhost:34783/__cypress/runner/cypress_runner.js:165351:31)\n    at Promise._settlePromise (http://localhost:34783/__cypress/runner/cypress_runner.js:165408:18)\n    at Promise._settlePromise0 (http://localhost:34783/__cypress/runner/cypress_runner.js:165453:10)\n    at Promise._settlePromises (http://localhost:34783/__cypress/runner/cypress_runner.js:165528:18)\n    at Async../node_modules/bluebird/js/release/async.js.Async._drainQueue (http://localhost:34783/__cypress/runner/cypress_runner.js:162140:16)\n    at Async../node_modules/bluebird/js/release/async.js.Async._drainQueues (http://localhost:34783/__cypress/runner/cypress_runner.js:162150:10)\n    at Async.drainQueues (http://localhost:34783/__cypress/runner/cypress_runner.js:162024:14)",
                "diff": null
              },
              "uuid": "e024c12c-81f0-449b-b783-12e922e70a6b",
              "parentUUID": "a4e29600-a63f-44cd-aa2d-83c09029f051",
              "isHook": false,
              "skipped": false
            },
            {
              "title": "Verifica se o input está posicionado entre a paleta de cores e o quadro de pixels",
              "fullTitle": "10 - Faça o quadro de pixels ter seu tamanho definido pelo usuário. Verifica se o input está posicionado entre a paleta de cores e o quadro de pixels",
              "timedOut": null,
              "duration": 4389,
              "state": "failed",
              "speed": null,
              "pass": false,
              "fail": true,
              "pending": false,
              "context": null,
              "code": "cy.get('#color-palette').then(function (palette) {\n  cy.get('#board-size').should('be.belowOf', palette);\n});\ncy.get('#board-size').then(function (palette) {\n  cy.get('#pixel-board').should('be.belowOf', palette);\n});",
              "err": {
                "message": "CypressError: Timed out retrying: Expected to find element: '#board-size', but never found it.",
                "estack": "CypressError: Timed out retrying: Expected to find element: '#board-size', but never found it.\n    at cypressErr (http://localhost:34783/__cypress/runner/cypress_runner.js:149934:9)\n    at throwErr (http://localhost:34783/__cypress/runner/cypress_runner.js:149867:11)\n    at Object.throwErrByPath (http://localhost:34783/__cypress/runner/cypress_runner.js:149915:3)\n    at retry (http://localhost:34783/__cypress/runner/cypress_runner.js:144197:19)\n    at onFailFn (http://localhost:34783/__cypress/runner/cypress_runner.js:132448:16)\n    at tryCatcher (http://localhost:34783/__cypress/runner/cypress_runner.js:167415:23)\n    at Promise._settlePromiseFromHandler (http://localhost:34783/__cypress/runner/cypress_runner.js:165351:31)\n    at Promise._settlePromise (http://localhost:34783/__cypress/runner/cypress_runner.js:165408:18)\n    at Promise._settlePromise0 (http://localhost:34783/__cypress/runner/cypress_runner.js:165453:10)\n    at Promise._settlePromises (http://localhost:34783/__cypress/runner/cypress_runner.js:165528:18)\n    at Async../node_modules/bluebird/js/release/async.js.Async._drainQueue (http://localhost:34783/__cypress/runner/cypress_runner.js:162140:16)\n    at Async../node_modules/bluebird/js/release/async.js.Async._drainQueues (http://localhost:34783/__cypress/runner/cypress_runner.js:162150:10)\n    at Async.drainQueues (http://localhost:34783/__cypress/runner/cypress_runner.js:162024:14)",
                "diff": null
              },
              "uuid": "e653b83b-d990-4ff2-958f-2398086c6ca6",
              "parentUUID": "a4e29600-a63f-44cd-aa2d-83c09029f051",
              "isHook": false,
              "skipped": false
            },
            {
              "title": "Verifica se o botão está posicionado ao lado do input",
              "fullTitle": "10 - Faça o quadro de pixels ter seu tamanho definido pelo usuário. Verifica se o botão está posicionado ao lado do input",
              "timedOut": null,
              "duration": 4304,
              "state": "failed",
              "speed": null,
              "pass": false,
              "fail": true,
              "pending": false,
              "context": null,
              "code": "cy.get('#board-size').then(function (board) {\n  cy.get('#generate-board').should('be.onTheRightOf', board);\n});",
              "err": {
                "message": "CypressError: Timed out retrying: Expected to find element: '#board-size', but never found it.",
                "estack": "CypressError: Timed out retrying: Expected to find element: '#board-size', but never found it.\n    at cypressErr (http://localhost:34783/__cypress/runner/cypress_runner.js:149934:9)\n    at throwErr (http://localhost:34783/__cypress/runner/cypress_runner.js:149867:11)\n    at Object.throwErrByPath (http://localhost:34783/__cypress/runner/cypress_runner.js:149915:3)\n    at retry (http://localhost:34783/__cypress/runner/cypress_runner.js:144197:19)\n    at onFailFn (http://localhost:34783/__cypress/runner/cypress_runner.js:132448:16)\n    at tryCatcher (http://localhost:34783/__cypress/runner/cypress_runner.js:167415:23)\n    at Promise._settlePromiseFromHandler (http://localhost:34783/__cypress/runner/cypress_runner.js:165351:31)\n    at Promise._settlePromise (http://localhost:34783/__cypress/runner/cypress_runner.js:165408:18)\n    at Promise._settlePromise0 (http://localhost:34783/__cypress/runner/cypress_runner.js:165453:10)\n    at Promise._settlePromises (http://localhost:34783/__cypress/runner/cypress_runner.js:165528:18)\n    at Async../node_modules/bluebird/js/release/async.js.Async._drainQueue (http://localhost:34783/__cypress/runner/cypress_runner.js:162140:16)\n    at Async../node_modules/bluebird/js/release/async.js.Async._drainQueues (http://localhost:34783/__cypress/runner/cypress_runner.js:162150:10)\n    at Async.drainQueues (http://localhost:34783/__cypress/runner/cypress_runner.js:162024:14)",
                "diff": null
              },
              "uuid": "0a9d5d69-5adb-4845-8a91-98e1a91ccde6",
              "parentUUID": "a4e29600-a63f-44cd-aa2d-83c09029f051",
              "isHook": false,
              "skipped": false
            },
            {
              "title": "Verifica se nenhum valor for colocado no input ao clicar no botão, um `alert` é exibido com o texto: 'Board inválido!'",
              "fullTitle": "10 - Faça o quadro de pixels ter seu tamanho definido pelo usuário. Verifica se nenhum valor for colocado no input ao clicar no botão, um `alert` é exibido com o texto: 'Board inválido!'",
              "timedOut": null,
              "duration": 4297,
              "state": "failed",
              "speed": null,
              "pass": false,
              "fail": true,
[...]
                "diff": null
              },
              "uuid": "4b9fcf20-4fc7-4243-aa8f-c169e563df75",
              "parentUUID": "a4e29600-a63f-44cd-aa2d-83c09029f051",
              "isHook": false,
              "skipped": false
            },
            {
              "title": "Verifica se o novo quadro tem todos os pixels preenchidos com a cor branca",
              "fullTitle": "10 - Faça o quadro de pixels ter seu tamanho definido pelo usuário. Verifica se o novo quadro tem todos os pixels preenchidos com a cor branca",
              "timedOut": null,
              "duration": 4318,
              "state": "failed",
              "speed": null,
              "pass": false,
              "fail": true,
              "pending": false,
              "context": null,
              "code": "cy.get('#board-size').clear().type(6);\ncy.get('#generate-board').click();\ncy.get('.pixel').should('have.length', 36).each(function (pixel) {\n  expect(pixel).to.have.css('background-color', WHITE);\n});",
              "err": {
                "message": "CypressError: Timed out retrying: Expected to find element: '#board-size', but never found it.",
                "estack": "CypressError: Timed out retrying: Expected to find element: '#board-size', but never found it.\n    at cypressErr (http://localhost:34783/__cypress/runner/cypress_runner.js:149934:9)\n    at throwErr (http://localhost:34783/__cypress/runner/cypress_runner.js:149867:11)\n    at Object.throwErrByPath (http://localhost:34783/__cypress/runner/cypress_runner.js:149915:3)\n    at retry (http://localhost:34783/__cypress/runner/cypress_runner.js:144197:19)\n    at onFailFn (http://localhost:34783/__cypress/runner/cypress_runner.js:132448:16)\n    at tryCatcher (http://localhost:34783/__cypress/runner/cypress_runner.js:167415:23)\n    at Promise._settlePromiseFromHandler (http://localhost:34783/__cypress/runner/cypress_runner.js:165351:31)\n    at Promise._settlePromise (http://localhost:34783/__cypress/runner/cypress_runner.js:165408:18)\n    at Promise._settlePromise0 (http://localhost:34783/__cypress/runner/cypress_runner.js:165453:10)\n    at Promise._settlePromises (http://localhost:34783/__cypress/runner/cypress_runner.js:165528:18)\n    at Async../node_modules/bluebird/js/release/async.js.Async._drainQueue (http://localhost:34783/__cypress/runner/cypress_runner.js:162140:16)\n    at Async../node_modules/bluebird/js/release/async.js.Async._drainQueues (http://localhost:34783/__cypress/runner/cypress_runner.js:162150:10)\n    at Async.drainQueues (http://localhost:34783/__cypress/runner/cypress_runner.js:162024:14)",
                "diff": null
              },
              "uuid": "64c31b29-cffd-4fe4-b773-4beb5aae8549",
              "parentUUID": "a4e29600-a63f-44cd-aa2d-83c09029f051",
              "isHook": false,
              "skipped": false
            }
          ],
          "suites": [],
          "passes": [],
          "failures": [
            "70f5e092-c068-4659-8e80-32762c8f8352",
            "70bfc484-052e-4cd7-9fab-406f6cef5243",
            "367cb1ab-db51-45f4-99b6-c0829ff0f343",
            "e024c12c-81f0-449b-b783-12e922e70a6b",
            "e653b83b-d990-4ff2-958f-2398086c6ca6",
            "0a9d5d69-5adb-4845-8a91-98e1a91ccde6",
            "703795f3-19c4-41f9-885f-553b6ded5abd",
            "4b9fcf20-4fc7-4243-aa8f-c169e563df75",
            "64c31b29-cffd-4fe4-b773-4beb5aae8549"
          ],
          "pending": [],
          "skipped": [],
          "duration": 38821,
          "root": false,
          "rootEmpty": false,
          "_timeout": 2000
        },
        {
          "uuid": "6bf5edaa-6a93-4565-bd47-70c1da56243e",
          "title": "11 - Limite o tamanho mínimo e máximo do board.",
          "fullFile": "",
          "file": "",
          "beforeHooks": [],
          "afterHooks": [],
          "tests": [
            {
              "title": "Verifica se a altura máxima do board é 50",
              "fullTitle": "11 - Limite o tamanho mínimo e máximo do board. Verifica se a altura máxima do board é 50",
              "timedOut": null,
              "duration": 4329,
              "state": "failed",
              "speed": null,
              "pass": false,
              "fail": true,
              "pending": false,
              "context": null,
              "code": "cy.get('#board-size').clear().type(50);\ncy.get('#generate-board').click();\ncy.get('.pixel').should('have.length', 2500);",
              "err": {
                "message": "CypressError: Timed out retrying: Expected to find element: '#board-size', but never found it.",
                "estack": "CypressError: Timed out retrying: Expected to find element: '#board-size', but never found it.\n    at cypressErr (http://localhost:34783/__cypress/runner/cypress_runner.js:149934:9)\n    at throwErr (http://localhost:34783/__cypress/runner/cypress_runner.js:149867:11)\n    at Object.throwErrByPath (http://localhost:34783/__cypress/runner/cypress_runner.js:149915:3)\n    at retry (http://localhost:34783/__cypress/runner/cypress_runner.js:144197:19)\n    at onFailFn (http://localhost:34783/__cypress/runner/cypress_runner.js:132448:16)\n    at tryCatcher (http://localhost:34783/__cypress/runner/cypress_runner.js:167415:23)\n    at Promise._settlePromiseFromHandler (http://localhost:34783/__cypress/runner/cypress_runner.js:165351:31)\n    at Promise._settlePromise (http://localhost:34783/__cypress/runner/cypress_runner.js:165408:18)\n    at Promise._settlePromise0 (http://localhost:34783/__cypress/runner/cypress_runner.js:165453:10)\n    at Promise._settlePromises (http://localhost:34783/__cypress/runner/cypress_runner.js:165528:18)\n    at Async../node_modules/bluebird/js/release/async.js.Async._drainQueue (http://localhost:34783/__cypress/runner/cypress_runner.js:162140:16)\n    at Async../node_modules/bluebird/js/release/async.js.Async._drainQueues (http://localhost:34783/__cypress/runner/cypress_runner.js:162150:10)\n    at Async.drainQueues (http://localhost:34783/__cypress/runner/cypress_runner.js:162024:14)",
                "diff": null
              },
              "uuid": "a05101d2-ac9e-47f2-bf4e-360040a79cde",
              "parentUUID": "6bf5edaa-6a93-4565-bd47-70c1da56243e",
              "isHook": false,
              "skipped": false
            },
            {
              "title": "Verifica se a altura do board é 5 quando um valor menor é colocado no input",
              "fullTitle": "11 - Limite o tamanho mínimo e máximo do board. Verifica se a altura do board é 5 quando um valor menor é colocado no input",
              "timedOut": null,
              "duration": 4293,
              "state": "failed",
              "speed": null,
              "pass": false,
              "fail": true,
              "pending": false,
              "context": null,
              "code": "cy.get('#board-size').clear().type(4);\ncy.get('#generate-board').click();\ncy.get('.pixel').should('have.length', 25);",
              "err": {
                "message": "CypressError: Timed out retrying: Expected to find element: '#board-size', but never found it.",
                "estack": "CypressError: Timed out retrying: Expected to find element: '#board-size', but never found it.\n    at cypressErr (http://localhost:34783/__cypress/runner/cypress_runner.js:149934:9)\n    at throwErr (http://localhost:34783/__cypress/runner/cypress_runner.js:149867:11)\n    at Object.throwErrByPath (http://localhost:34783/__cypress/runner/cypress_runner.js:149915:3)\n    at retry (http://localhost:34783/__cypress/runner/cypress_runner.js:144197:19)\n    at onFailFn (http://localhost:34783/__cypress/runner/cypress_runner.js:132448:16)\n    at tryCatcher (http://localhost:34783/__cypress/runner/cypress_runner.js:167415:23)\n    at Promise._settlePromiseFromHandler (http://localhost:34783/__cypress/runner/cypress_runner.js:165351:31)\n    at Promise._settlePromise (http://localhost:34783/__cypress/runner/cypress_runner.js:165408:18)\n    at Promise._settlePromise0 (http://localhost:34783/__cypress/runner/cypress_runner.js:165453:10)\n    at Promise._settlePromises (http://localhost:34783/__cypress/runner/cypress_runner.js:165528:18)\n    at Async../node_modules/bluebird/js/release/async.js.Async._drainQueue (http://localhost:34783/__cypress/runner/cypress_runner.js:162140:16)\n    at Async../node_modules/bluebird/js/release/async.js.Async._drainQueues (http://localhost:34783/__cypress/runner/cypress_runner.js:162150:10)\n    at Async.drainQueues (http://localhost:34783/__cypress/runner/cypress_runner.js:162024:14)",
                "diff": null
              },
              "uuid": "78a8cb4f-373a-4af9-8fb0-34e70f60adc9",
              "parentUUID": "6bf5edaa-6a93-4565-bd47-70c1da56243e",
              "isHook": false,
              "skipped": false
            },
            {
              "title": "Verifica se a altura do board é 50 quando um valor maior é colocado no input",
              "fullTitle": "11 - Limite o tamanho mínimo e máximo do board. Verifica se a altura do board é 50 quando um valor maior é colocado no input",
              "timedOut": null,
              "duration": 4299,
              "state": "failed",
              "speed": null,
              "pass": false,
              "fail": true,
              "pending": false,
              "context": null,
              "code": "cy.get('#board-size').clear().type(51);\ncy.get('#generate-board').click();\ncy.get('.pixel').should('have.length', 2500);",
              "err": {
                "message": "CypressError: Timed out retrying: Expected to find element: '#board-size', but never found it.",
                "estack": "CypressError: Timed out retrying: Expected to find element: '#board-size', but never found it.\n    at cypressErr (http://localhost:34783/__cypress/runner/cypress_runner.js:149934:9)\n    at throwErr (http://localhost:34783/__cypress/runner/cypress_runner.js:149867:11)\n    at Object.throwErrByPath (http://localhost:34783/__cypress/runner/cypress_runner.js:149915:3)\n    at retry (http://localhost:34783/__cypress/runner/cypress_runner.js:144197:19)\n    at onFailFn (http://localhost:34783/__cypress/runner/cypress_runner.js:132448:16)\n    at tryCatcher (http://localhost:34783/__cypress/runner/cypress_runner.js:167415:23)\n    at Promise._settlePromiseFromHandler (http://localhost:34783/__cypress/runner/cypress_runner.js:165351:31)\n    at Promise._settlePromise (http://localhost:34783/__cypress/runner/cypress_runner.js:165408:18)\n    at Promise._settlePromise0 (http://localhost:34783/__cypress/runner/cypress_runner.js:165453:10)\n    at Promise._settlePromises (http://localhost:34783/__cypress/runner/cypress_runner.js:165528:18)\n    at Async../node_modules/bluebird/js/release/async.js.Async._drainQueue (http://localhost:34783/__cypress/runner/cypress_runner.js:162140:16)\n    at Async../node_modules/bluebird/js/release/async.js.Async._drainQueues (http://localhost:34783/__cypress/runner/cypress_runner.js:162150:10)\n    at Async.drainQueues (http://localhost:34783/__cypress/runner/cypress_runner.js:162024:14)",
                "diff": null
              },
              "uuid": "562ec582-36e3-4e19-8dcd-721cfa389141",
              "parentUUID": "6bf5edaa-6a93-4565-bd47-70c1da56243e",
              "isHook": false,
              "skipped": false
            }
          ],
          "suites": [],
          "passes": [],
          "failures": [
            "a05101d2-ac9e-47f2-bf4e-360040a79cde",
            "78a8cb4f-373a-4af9-8fb0-34e70f60adc9",
            "562ec582-36e3-4e19-8dcd-721cfa389141"
          ],
          "pending": [],
          "skipped": [],
          "duration": 12921,
          "root": false,
          "rootEmpty": false,
          "_timeout": 2000
        },
        {
          "uuid": "7cbacf15-eb8b-4a3c-9f33-113c4df07d0f",
          "title": "12 - Faça com que as cores da paleta sejam geradas aleatoriamente ao carregar a página.",
          "fullFile": "",
          "file": "",
          "beforeHooks": [],
          "afterHooks": [],
          "tests": [
            {
              "title": "Verifica se as cores geradas na paleta são diferentes a cada carregamento da página",
              "fullTitle": "12 - Faça com que as cores da paleta sejam geradas aleatoriamente ao carregar a página. Verifica se as cores geradas na paleta são diferentes a cada carregamento da página",
              "timedOut": null,
              "duration": 4284,
              "state": "failed",
              "speed": null,
              "pass": false,
              "fail": true,
              "pending": false,
              "context": null,
              "code": "cy.get('.color').then(function (colors) {\n  var currentColors;\n  var previousColors;\n  previousColors = Array.from(colors).map(function (color) {\n    return Cypress.$(color).css('background-color');\n  });\n  for (var i = 0; i < 5; i += 1) {\n    cy.reload();\n    cy.get('.color').then(function (colors) {\n      currentColors = Array.from(colors).map(function (color) {\n        return Cypress.$(color).css('background-color');\n      });\n      expect(currentColors).not.to.deep.equal(previousColors);\n      previousColors = currentColors;\n    });\n  }\n});",
              "err": {
                "message": "CypressError: Timed out retrying: Expected to find element: '.color', but never found it.",
                "estack": "CypressError: Timed out retrying: Expected to find element: '.color', but never found it.\n    at cypressErr (http://localhost:34783/__cypress/runner/cypress_runner.js:149934:9)\n    at throwErr (http://localhost:34783/__cypress/runner/cypress_runner.js:149867:11)\n    at Object.throwErrByPath (http://localhost:34783/__cypress/runner/cypress_runner.js:149915:3)\n    at retry (http://localhost:34783/__cypress/runner/cypress_runner.js:144197:19)\n    at onFailFn (http://localhost:34783/__cypress/runner/cypress_runner.js:132448:16)\n    at tryCatcher (http://localhost:34783/__cypress/runner/cypress_runner.js:167415:23)\n    at Promise._settlePromiseFromHandler (http://localhost:34783/__cypress/runner/cypress_runner.js:165351:31)\n    at Promise._settlePromise (http://localhost:34783/__cypress/runner/cypress_runner.js:165408:18)\n    at Promise._settlePromise0 (http://localhost:34783/__cypress/runner/cypress_runner.js:165453:10)\n    at Promise._settlePromises (http://localhost:34783/__cypress/runner/cypress_runner.js:165528:18)\n    at Async../node_modules/bluebird/js/release/async.js.Async._drainQueue (http://localhost:34783/__cypress/runner/cypress_runner.js:162140:16)\n    at Async../node_modules/bluebird/js/release/async.js.Async._drainQueues (http://localhost:34783/__cypress/runner/cypress_runner.js:162150:10)\n    at Async.drainQueues (http://localhost:34783/__cypress/runner/cypress_runner.js:162024:14)",
                "diff": null
              },
              "uuid": "d192871b-7b02-49ec-affb-ceec5ca85415",
              "parentUUID": "7cbacf15-eb8b-4a3c-9f33-113c4df07d0f",
              "isHook": false,
              "skipped": false
            },
            {
              "title": "Verifica se a cor preta ainda está presente e é a primeira na sua paleta de cores",
              "fullTitle": "12 - Faça com que as cores da paleta sejam geradas aleatoriamente ao carregar a página. Verifica se a cor preta ainda está presente e é a primeira na sua paleta de cores",
              "timedOut": null,
              "duration": 4354,
              "state": "failed",
              "speed": null,
              "pass": false,
              "fail": true,
              "pending": false,
              "context": null,
              "code": "cy.get('.color').then(function (colors) {\n  var currentColors;\n  var previousColors;\n  previousColors = Array.from(colors).map(function (color) {\n    return Cypress.$(color).css('background-color');\n  });\n  expect(previousColors[0]).to.eq(BLACK);\n  for (var i = 0; i < 5; i += 1) {\n    cy.reload();\n    cy.get('.color').then(function (colors) {\n      currentColors = Array.from(colors).map(function (color) {\n        return Cypress.$(color).css('background-color');\n      });\n      expect(currentColors[0]).to.eq(BLACK);\n      expect(currentColors).not.to.deep.equal(previousColors);\n      previousColors = currentColors;\n    });\n  }\n});",
              "err": {
                "message": "CypressError: Timed out retrying: Expected to find element: '.color', but never found it.",
                "estack": "CypressError: Timed out retrying: Expected to find element: '.color', but never found it.\n    at cypressErr (http://localhost:34783/__cypress/runner/cypress_runner.js:149934:9)\n    at throwErr (http://localhost:34783/__cypress/runner/cypress_runner.js:149867:11)\n    at Object.throwErrByPath (http://localhost:34783/__cypress/runner/cypress_runner.js:149915:3)\n    at retry (http://localhost:34783/__cypress/runner/cypress_runner.js:144197:19)\n    at onFailFn (http://localhost:34783/__cypress/runner/cypress_runner.js:132448:16)\n    at tryCatcher (http://localhost:34783/__cypress/runner/cypress_runner.js:167415:23)\n    at Promise._settlePromiseFromHandler (http://localhost:34783/__cypress/runner/cypress_runner.js:165351:31)\n    at Promise._settlePromise (http://localhost:34783/__cypress/runner/cypress_runner.js:165408:18)\n    at Promise._settlePromise0 (http://localhost:34783/__cypress/runner/cypress_runner.js:165453:10)\n    at Promise._settlePromises (http://localhost:34783/__cypress/runner/cypress_runner.js:165528:18)\n    at Async../node_modules/bluebird/js/release/async.js.Async._drainQueue (http://localhost:34783/__cypress/runner/cypress_runner.js:162140:16)\n    at Async../node_modules/bluebird/js/release/async.js.Async._drainQueues (http://localhost:34783/__cypress/runner/cypress_runner.js:162150:10)\n    at Async.drainQueues (http://localhost:34783/__cypress/runner/cypress_runner.js:162024:14)",
                "diff": null
              },
              "uuid": "979a1c19-e77e-4ab6-b23f-d46bfccfa99b",
              "parentUUID": "7cbacf15-eb8b-4a3c-9f33-113c4df07d0f",
              "isHook": false,
              "skipped": false
            }
          ],
          "suites": [],
          "passes": [],
          "failures": [
            "d192871b-7b02-49ec-affb-ceec5ca85415",
            "979a1c19-e77e-4ab6-b23f-d46bfccfa99b"
          ],
          "pending": [],
          "skipped": [],
          "duration": 8638,
          "root": false,
          "rootEmpty": false,
          "_timeout": 2000
        }
      ],
      "passes": [],
      "failures": [],
      "pending": [],
      "skipped": [],
      "duration": 0,
      "root": true,
      "rootEmpty": true,
      "_timeout": 2000
    }
  ],
  "meta": {
    "mocha": {
      "version": "7.0.1"
    },
    "mochawesome": {
      "options": {
        "quiet": false,
        "reportFilename": "mochawesome",
        "saveHtml": false,
        "saveJson": true,
        "consoleReporter": "spec",
        "useInlineDiffs": false
      },
      "version": "4.1.0"
    },
    "marge": {
      "options": {
        "id": "default",
        "reportDir": "cypress/reports",
        "overwrite": true,
        "html": false,
        "json": true
      },
      "version": "4.1.0"
    }
  }
}