{
  "stats": {
    "suites": 12,
    "tests": 41,
    "passes": 6,
    "pending": 0,
    "failures": 35,
    "start": "2022-05-25T19:35:02.536Z",
    "end": "2022-05-25T19:37:28.403Z",
    "duration": 145867,
    "testsRegistered": 41,
    "passPercent": 14.634146341463413,
    "pendingPercent": 0,
    "other": 0,
    "hasOther": false,
    "skipped": 0,
    "hasSkipped": false
  },
  "results": [
    {
      "uuid": "e9fd4b17-386c-4189-95e4-e7c0a3de071a",
      "title": "",
      "fullFile": "cypress/integration/project.spec.js",
      "file": "cypress/integration/project.spec.js",
      "beforeHooks": [],
      "afterHooks": [],
      "tests": [],
      "suites": [
        {
          "uuid": "1de315e1-cf5c-43b8-b21c-f6e9e4845b21",
          "title": "1 - Adicione à página o título \"Paleta de Cores\".",
          "fullFile": "",
          "file": "",
          "beforeHooks": [],
          "afterHooks": [],
          "tests": [
            {
              "title": "Verifica se contém um elemento `h1` com o id `title` com o título correto",
              "fullTitle": "1 - Adicione à página o título \"Paleta de Cores\". Verifica se contém um elemento `h1` com o id `title` com o título correto",
              "timedOut": null,
              "duration": 186,
              "state": "passed",
              "speed": "slow",
              "pass": true,
              "fail": false,
              "pending": false,
              "context": null,
              "code": "cy.get('h1#title').should('contain.text', 'Paleta de Cores');",
              "err": {},
              "uuid": "24ad2dd3-de0b-467b-88de-7fd21ed5b05f",
              "parentUUID": "1de315e1-cf5c-43b8-b21c-f6e9e4845b21",
              "isHook": false,
              "skipped": false
            }
          ],
          "suites": [],
          "passes": [
            "24ad2dd3-de0b-467b-88de-7fd21ed5b05f"
          ],
          "failures": [],
          "pending": [],
          "skipped": [],
          "duration": 186,
          "root": false,
          "rootEmpty": false,
          "_timeout": 2000
        },
        {
          "uuid": "c0723eb5-5fca-4088-9821-d9da2274492b",
          "title": "2 - Adicione à página uma paleta de quatro cores distintas.",
          "fullFile": "",
          "file": "",
          "beforeHooks": [],
          "afterHooks": [],
          "tests": [
            {
              "title": "A paleta de cores deve ser um elemento com `id` denominado `color-palette` e ter mais de 0px de altura e de largura.",
              "fullTitle": "2 - Adicione à página uma paleta de quatro cores distintas. A paleta de cores deve ser um elemento com `id` denominado `color-palette` e ter mais de 0px de altura e de largura.",
              "timedOut": null,
              "duration": 4241,
              "state": "failed",
              "speed": null,
              "pass": false,
              "fail": true,
              "pending": false,
              "context": null,
              "code": "cy.get('#color-palette').should('be.visible');\ncy.get('#color-palette').children('.color');",
              "err": {
                "message": "CypressError: Timed out retrying: Expected to find element: '.color', but never found it. Queried from element: <section#color-palette>",
                "estack": "CypressError: Timed out retrying: Expected to find element: '.color', but never found it. Queried from element: <section#color-palette>\n    at cypressErr (http://localhost:35887/__cypress/runner/cypress_runner.js:149934:9)\n    at throwErr (http://localhost:35887/__cypress/runner/cypress_runner.js:149867:11)\n    at Object.throwErrByPath (http://localhost:35887/__cypress/runner/cypress_runner.js:149915:3)\n    at retry (http://localhost:35887/__cypress/runner/cypress_runner.js:144197:19)\n    at onFailFn (http://localhost:35887/__cypress/runner/cypress_runner.js:132448:16)\n    at tryCatcher (http://localhost:35887/__cypress/runner/cypress_runner.js:167415:23)\n    at Promise._settlePromiseFromHandler (http://localhost:35887/__cypress/runner/cypress_runner.js:165351:31)\n    at Promise._settlePromise (http://localhost:35887/__cypress/runner/cypress_runner.js:165408:18)\n    at Promise._settlePromise0 (http://localhost:35887/__cypress/runner/cypress_runner.js:165453:10)\n    at Promise._settlePromises (http://localhost:35887/__cypress/runner/cypress_runner.js:165528:18)\n    at Async../node_modules/bluebird/js/release/async.js.Async._drainQueue (http://localhost:35887/__cypress/runner/cypress_runner.js:162140:16)\n    at Async../node_modules/bluebird/js/release/async.js.Async._drainQueues (http://localhost:35887/__cypress/runner/cypress_runner.js:162150:10)\n    at Async.drainQueues (http://localhost:35887/__cypress/runner/cypress_runner.js:162024:14)",
                "diff": null
              },
              "uuid": "dba113f9-02b3-407a-b286-7deaab5d4f90",
              "parentUUID": "c0723eb5-5fca-4088-9821-d9da2274492b",
              "isHook": false,
              "skipped": false
            },
            {
              "title": "Verifica se cada cor individual da paleta de cores possui a `classe` chamada `color`.",
              "fullTitle": "2 - Adicione à página uma paleta de quatro cores distintas. Verifica se cada cor individual da paleta de cores possui a `classe` chamada `color`.",
              "timedOut": null,
              "duration": 4320,
              "state": "failed",
              "speed": null,
              "pass": false,
              "fail": true,
              "pending": false,
              "context": null,
              "code": "cy.get('.color').should('have.length', 4).then(function (colors) {\n  for (var i = 0; i < colors.length; i++) {\n    cy.wrap(colors[i]).should('be.visible');\n  }\n});",
              "err": {
                "message": "CypressError: Timed out retrying: Expected to find element: '.color', but never found it.",
                "estack": "CypressError: Timed out retrying: Expected to find element: '.color', but never found it.\n    at cypressErr (http://localhost:35887/__cypress/runner/cypress_runner.js:149934:9)\n    at throwErr (http://localhost:35887/__cypress/runner/cypress_runner.js:149867:11)\n    at Object.throwErrByPath (http://localhost:35887/__cypress/runner/cypress_runner.js:149915:3)\n    at retry (http://localhost:35887/__cypress/runner/cypress_runner.js:144197:19)\n    at onFailFn (http://localhost:35887/__cypress/runner/cypress_runner.js:132448:16)\n    at tryCatcher (http://localhost:35887/__cypress/runner/cypress_runner.js:167415:23)\n    at Promise._settlePromiseFromHandler (http://localhost:35887/__cypress/runner/cypress_runner.js:165351:31)\n    at Promise._settlePromise (http://localhost:35887/__cypress/runner/cypress_runner.js:165408:18)\n    at Promise._settlePromise0 (http://localhost:35887/__cypress/runner/cypress_runner.js:165453:10)\n    at Promise._settlePromises (http://localhost:35887/__cypress/runner/cypress_runner.js:165528:18)\n    at Async../node_modules/bluebird/js/release/async.js.Async._drainQueue (http://localhost:35887/__cypress/runner/cypress_runner.js:162140:16)\n    at Async../node_modules/bluebird/js/release/async.js.Async._drainQueues (http://localhost:35887/__cypress/runner/cypress_runner.js:162150:10)\n    at Async.drainQueues (http://localhost:35887/__cypress/runner/cypress_runner.js:162024:14)",
                "diff": null
              },
              "uuid": "26fa84b6-75a3-4b2a-a289-3c16a7e21ad9",
              "parentUUID": "c0723eb5-5fca-4088-9821-d9da2274492b",
              "isHook": false,
              "skipped": false
            },
            {
              "title": "Verifica se a cor de fundo de cada elemento da paleta é a cor que o elemento representa. **A única cor não permitida na paleta é a cor branca.**",
              "fullTitle": "2 - Adicione à página uma paleta de quatro cores distintas. Verifica se a cor de fundo de cada elemento da paleta é a cor que o elemento representa. **A única cor não permitida na paleta é a cor branca.**",
              "timedOut": null,
              "duration": 4406,
              "state": "failed",
              "speed": null,
              "pass": false,
              "fail": true,
              "pending": false,
              "context": null,
              "code": "cy.get('.color').each(function (color) {\n  cy.wrap(color).should('have.class', 'color').and('not.have.css', 'background-color', WHITE);\n  cy.wrap(color).should('have.css', 'background-color');\n});",
              "err": {
                "message": "CypressError: Timed out retrying: Expected to find element: '.color', but never found it.",
                "estack": "CypressError: Timed out retrying: Expected to find element: '.color', but never found it.\n    at cypressErr (http://localhost:35887/__cypress/runner/cypress_runner.js:149934:9)\n    at throwErr (http://localhost:35887/__cypress/runner/cypress_runner.js:149867:11)\n    at Object.throwErrByPath (http://localhost:35887/__cypress/runner/cypress_runner.js:149915:3)\n    at retry (http://localhost:35887/__cypress/runner/cypress_runner.js:144197:19)\n    at onFailFn (http://localhost:35887/__cypress/runner/cypress_runner.js:132448:16)\n    at tryCatcher (http://localhost:35887/__cypress/runner/cypress_runner.js:167415:23)\n    at Promise._settlePromiseFromHandler (http://localhost:35887/__cypress/runner/cypress_runner.js:165351:31)\n    at Promise._settlePromise (http://localhost:35887/__cypress/runner/cypress_runner.js:165408:18)\n    at Promise._settlePromise0 (http://localhost:35887/__cypress/runner/cypress_runner.js:165453:10)\n    at Promise._settlePromises (http://localhost:35887/__cypress/runner/cypress_runner.js:165528:18)\n    at Async../node_modules/bluebird/js/release/async.js.Async._drainQueue (http://localhost:35887/__cypress/runner/cypress_runner.js:162140:16)\n    at Async../node_modules/bluebird/js/release/async.js.Async._drainQueues (http://localhost:35887/__cypress/runner/cypress_runner.js:162150:10)\n    at Async.drainQueues (http://localhost:35887/__cypress/runner/cypress_runner.js:162024:14)",
                "diff": null
              },
              "uuid": "49a4a5a2-0ff3-45d7-9592-162456b09642",
              "parentUUID": "c0723eb5-5fca-4088-9821-d9da2274492b",
              "isHook": false,
              "skipped": false
            },
            {
              "title": "Verifica se cada elemento da paleta de cores tem uma borda preta, sólida e com 1 pixel de largura;",
              "fullTitle": "2 - Adicione à página uma paleta de quatro cores distintas. Verifica se cada elemento da paleta de cores tem uma borda preta, sólida e com 1 pixel de largura;",
              "timedOut": null,
              "duration": 4293,
              "state": "failed",
              "speed": null,
              "pass": false,
              "fail": true,
              "pending": false,
              "context": null,
              "code": "cy.get('.color').each(function (color) {\n  cy.wrap(color).and('have.css', 'border', \"1px solid \".concat(BLACK)).and('have.class', 'color');\n});",
              "err": {
                "message": "CypressError: Timed out retrying: Expected to find element: '.color', but never found it.",
                "estack": "CypressError: Timed out retrying: Expected to find element: '.color', but never found it.\n    at cypressErr (http://localhost:35887/__cypress/runner/cypress_runner.js:149934:9)\n    at throwErr (http://localhost:35887/__cypress/runner/cypress_runner.js:149867:11)\n    at Object.throwErrByPath (http://localhost:35887/__cypress/runner/cypress_runner.js:149915:3)\n    at retry (http://localhost:35887/__cypress/runner/cypress_runner.js:144197:19)\n    at onFailFn (http://localhost:35887/__cypress/runner/cypress_runner.js:132448:16)\n    at tryCatcher (http://localhost:35887/__cypress/runner/cypress_runner.js:167415:23)\n    at Promise._settlePromiseFromHandler (http://localhost:35887/__cypress/runner/cypress_runner.js:165351:31)\n    at Promise._settlePromise (http://localhost:35887/__cypress/runner/cypress_runner.js:165408:18)\n    at Promise._settlePromise0 (http://localhost:35887/__cypress/runner/cypress_runner.js:165453:10)\n    at Promise._settlePromises (http://localhost:35887/__cypress/runner/cypress_runner.js:165528:18)\n    at Async../node_modules/bluebird/js/release/async.js.Async._drainQueue (http://localhost:35887/__cypress/runner/cypress_runner.js:162140:16)\n    at Async../node_modules/bluebird/js/release/async.js.Async._drainQueues (http://localhost:35887/__cypress/runner/cypress_runner.js:162150:10)\n    at Async.drainQueues (http://localhost:35887/__cypress/runner/cypress_runner.js:162024:14)",
                "diff": null
              },
              "uuid": "2531e4c8-eff8-4644-a4a6-b5937680c266",
              "parentUUID": "c0723eb5-5fca-4088-9821-d9da2274492b",
              "isHook": false,
              "skipped": false
            },
            {
              "title": "Verifica se a paleta lista todas as cores disponíveis para utilização, lado a lado.",
              "fullTitle": "2 - Adicione à página uma paleta de quatro cores distintas. Verifica se a paleta lista todas as cores disponíveis para utilização, lado a lado.",
              "timedOut": null,
              "duration": 4298,
              "state": "failed",
              "speed": null,
              "pass": false,
              "fail": true,
              "pending": false,
              "context": null,
              "code": "cy.get('.color').then(function (colors) {\n  for (var index = 1; index < colors.length; index += 1) {\n    var currentColor = colors[index];\n    var previousColor = colors[index - 1];\n    cy.wrap(currentColor).should('be.onTheRightOf', previousColor).and('be.horizontallyAlignedWith', previousColor);\n  }\n});",
              "err": {
                "message": "CypressError: Timed out retrying: Expected to find element: '.color', but never found it.",
                "estack": "CypressError: Timed out retrying: Expected to find element: '.color', but never found it.\n    at cypressErr (http://localhost:35887/__cypress/runner/cypress_runner.js:149934:9)\n    at throwErr (http://localhost:35887/__cypress/runner/cypress_runner.js:149867:11)\n    at Object.throwErrByPath (http://localhost:35887/__cypress/runner/cypress_runner.js:149915:3)\n    at retry (http://localhost:35887/__cypress/runner/cypress_runner.js:144197:19)\n    at onFailFn (http://localhost:35887/__cypress/runner/cypress_runner.js:132448:16)\n    at tryCatcher (http://localhost:35887/__cypress/runner/cypress_runner.js:167415:23)\n    at Promise._settlePromiseFromHandler (http://localhost:35887/__cypress/runner/cypress_runner.js:165351:31)\n    at Promise._settlePromise (http://localhost:35887/__cypress/runner/cypress_runner.js:165408:18)\n    at Promise._settlePromise0 (http://localhost:35887/__cypress/runner/cypress_runner.js:165453:10)\n    at Promise._settlePromises (http://localhost:35887/__cypress/runner/cypress_runner.js:165528:18)\n    at Async../node_modules/bluebird/js/release/async.js.Async._drainQueue (http://localhost:35887/__cypress/runner/cypress_runner.js:162140:16)\n    at Async../node_modules/bluebird/js/release/async.js.Async._drainQueues (http://localhost:35887/__cypress/runner/cypress_runner.js:162150:10)\n    at Async.drainQueues (http://localhost:35887/__cypress/runner/cypress_runner.js:162024:14)",
                "diff": null
              },
              "uuid": "2ad53ae2-c1ee-4f6e-b2ed-b5a2f34165f9",
              "parentUUID": "c0723eb5-5fca-4088-9821-d9da2274492b",
              "isHook": false,
              "skipped": false
            },
            {
              "title": "Verifica se a paleta de cores está posicionada abaixo do título 'Paleta de Cores'",
              "fullTitle": "2 - Adicione à página uma paleta de quatro cores distintas. Verifica se a paleta de cores está posicionada abaixo do título 'Paleta de Cores'",
              "timedOut": null,
              "duration": 158,
              "state": "passed",
              "speed": "slow",
              "pass": true,
              "fail": false,
              "pending": false,
              "context": null,
              "code": "cy.get('h1#title').then(function (title) {\n  cy.get('#color-palette').should('be.belowOf', title);\n});",
              "err": {},
              "uuid": "11eb1837-7fc0-458d-ab28-d3d9df4377c9",
              "parentUUID": "c0723eb5-5fca-4088-9821-d9da2274492b",
              "isHook": false,
              "skipped": false
            },
            {
              "title": "Verifica se a paleta de cores não contém cores repetidas.",
              "fullTitle": "2 - Adicione à página uma paleta de quatro cores distintas. Verifica se a paleta de cores não contém cores repetidas.",
              "timedOut": null,
              "duration": 4219,
              "state": "failed",
              "speed": null,
              "pass": false,
              "fail": true,
              "pending": false,
              "context": null,
              "code": "cy.get('.color').then(function (colors) {\n  var allColors = Array.from(colors).map(function (color) {\n    return Cypress.$(color).css('background-color');\n  });\n  cy.log(allColors);\n  var uniqColors = (0, _toConsumableArray2[\"default\"])(new Set(allColors));\n  cy.log(uniqColors);\n  expect(allColors.length).to.eq(uniqColors.length);\n});",
              "err": {
                "message": "CypressError: Timed out retrying: Expected to find element: '.color', but never found it.",
                "estack": "CypressError: Timed out retrying: Expected to find element: '.color', but never found it.\n    at cypressErr (http://localhost:35887/__cypress/runner/cypress_runner.js:149934:9)\n    at throwErr (http://localhost:35887/__cypress/runner/cypress_runner.js:149867:11)\n    at Object.throwErrByPath (http://localhost:35887/__cypress/runner/cypress_runner.js:149915:3)\n    at retry (http://localhost:35887/__cypress/runner/cypress_runner.js:144197:19)\n    at onFailFn (http://localhost:35887/__cypress/runner/cypress_runner.js:132448:16)\n    at tryCatcher (http://localhost:35887/__cypress/runner/cypress_runner.js:167415:23)\n    at Promise._settlePromiseFromHandler (http://localhost:35887/__cypress/runner/cypress_runner.js:165351:31)\n    at Promise._settlePromise (http://localhost:35887/__cypress/runner/cypress_runner.js:165408:18)\n    at Promise._settlePromise0 (http://localhost:35887/__cypress/runner/cypress_runner.js:165453:10)\n    at Promise._settlePromises (http://localhost:35887/__cypress/runner/cypress_runner.js:165528:18)\n    at Async../node_modules/bluebird/js/release/async.js.Async._drainQueue (http://localhost:35887/__cypress/runner/cypress_runner.js:162140:16)\n    at Async../node_modules/bluebird/js/release/async.js.Async._drainQueues (http://localhost:35887/__cypress/runner/cypress_runner.js:162150:10)\n    at Async.drainQueues (http://localhost:35887/__cypress/runner/cypress_runner.js:162024:14)",
                "diff": null
              },
              "uuid": "91813c2a-56e6-4f8a-a254-a64de6d3e1f9",
              "parentUUID": "c0723eb5-5fca-4088-9821-d9da2274492b",
              "isHook": false,
              "skipped": false
            }
          ],
          "suites": [],
          "passes": [
            "11eb1837-7fc0-458d-ab28-d3d9df4377c9"
          ],
          "failures": [
            "dba113f9-02b3-407a-b286-7deaab5d4f90",
            "26fa84b6-75a3-4b2a-a289-3c16a7e21ad9",
            "49a4a5a2-0ff3-45d7-9592-162456b09642",
            "2531e4c8-eff8-4644-a4a6-b5937680c266",
            "2ad53ae2-c1ee-4f6e-b2ed-b5a2f34165f9",
            "91813c2a-56e6-4f8a-a254-a64de6d3e1f9"
          ],
          "pending": [],
          "skipped": [],
          "duration": 25935,
          "root": false,
          "rootEmpty": false,
          "_timeout": 2000
        },
        {
          "uuid": "3ee847e0-c17f-4878-ad76-6101b380a6c3",
          "title": "3 - Adicione a cor **preta** como a primeira cor da paleta de cores.",
          "fullFile": "",
          "file": "",
          "beforeHooks": [],
          "afterHooks": [],
          "tests": [
            {
              "title": "Verifica se a primeira cor da paleta é preta",
              "fullTitle": "3 - Adicione a cor **preta** como a primeira cor da paleta de cores. Verifica se a primeira cor da paleta é preta",
              "timedOut": null,
              "duration": 4292,
              "state": "failed",
              "speed": null,
              "pass": false,
              "fail": true,
              "pending": false,
              "context": null,
              "code": "cy.get('.color').first().should('have.css', 'background-color', BLACK);",
              "err": {
                "message": "CypressError: Timed out retrying: Expected to find element: '.color', but never found it.",
                "estack": "CypressError: Timed out retrying: Expected to find element: '.color', but never found it.\n    at cypressErr (http://localhost:35887/__cypress/runner/cypress_runner.js:149934:9)\n    at throwErr (http://localhost:35887/__cypress/runner/cypress_runner.js:149867:11)\n    at Object.throwErrByPath (http://localhost:35887/__cypress/runner/cypress_runner.js:149915:3)\n    at retry (http://localhost:35887/__cypress/runner/cypress_runner.js:144197:19)\n    at onFailFn (http://localhost:35887/__cypress/runner/cypress_runner.js:132448:16)\n    at tryCatcher (http://localhost:35887/__cypress/runner/cypress_runner.js:167415:23)\n    at Promise._settlePromiseFromHandler (http://localhost:35887/__cypress/runner/cypress_runner.js:165351:31)\n    at Promise._settlePromise (http://localhost:35887/__cypress/runner/cypress_runner.js:165408:18)\n    at Promise._settlePromise0 (http://localhost:35887/__cypress/runner/cypress_runner.js:165453:10)\n    at Promise._settlePromises (http://localhost:35887/__cypress/runner/cypress_runner.js:165528:18)\n    at Async../node_modules/bluebird/js/release/async.js.Async._drainQueue (http://localhost:35887/__cypress/runner/cypress_runner.js:162140:16)\n    at Async../node_modules/bluebird/js/release/async.js.Async._drainQueues (http://localhost:35887/__cypress/runner/cypress_runner.js:162150:10)\n    at Async.drainQueues (http://localhost:35887/__cypress/runner/cypress_runner.js:162024:14)",
                "diff": null
              },
              "uuid": "32d09e13-442f-4eeb-a301-8b1ed5eec19d",
              "parentUUID": "3ee847e0-c17f-4878-ad76-6101b380a6c3",
              "isHook": false,
              "skipped": false
            },
            {
              "title": "Verifica se as demais cores podem ser escolhidas livremente.",
              "fullTitle": "3 - Adicione a cor **preta** como a primeira cor da paleta de cores. Verifica se as demais cores podem ser escolhidas livremente.",
              "timedOut": null,
              "duration": 4276,
              "state": "failed",
              "speed": null,
              "pass": false,
              "fail": true,
              "pending": false,
              "context": null,
              "code": "cy.get('.color').eq(1).should('not.have.css', 'background-color', BLACK);\ncy.get('.color').eq(1).should('not.have.css', 'background-color', WHITE);\ncy.get('.color').eq(1).should('not.have.css', 'background-color', 'rgba(0, 0, 0, 0)');\ncy.get('.color').eq(1).should('have.css', 'background-color');\ncy.get('.color').eq(2).should('not.have.css', 'background-color', BLACK);\ncy.get('.color').eq(2).should('not.have.css', 'background-color', WHITE);\ncy.get('.color').eq(2).should('not.have.css', 'background-color', 'rgba(0, 0, 0, 0)');\ncy.get('.color').eq(2).should('have.css', 'background-color');\ncy.get('.color').eq(3).should('not.have.css', 'background-color', BLACK);\ncy.get('.color').eq(3).should('not.have.css', 'background-color', WHITE);\ncy.get('.color').eq(3).should('not.have.css', 'background-color', 'rgba(0, 0, 0, 0)');\ncy.get('.color').eq(3).should('have.css', 'background-color');",
              "err": {
                "message": "CypressError: Timed out retrying: Expected to find element: '.color', but never found it.",
                "estack": "CypressError: Timed out retrying: Expected to find element: '.color', but never found it.\n    at cypressErr (http://localhost:35887/__cypress/runner/cypress_runner.js:149934:9)\n    at throwErr (http://localhost:35887/__cypress/runner/cypress_runner.js:149867:11)\n    at Object.throwErrByPath (http://localhost:35887/__cypress/runner/cypress_runner.js:149915:3)\n    at retry (http://localhost:35887/__cypress/runner/cypress_runner.js:144197:19)\n    at onFailFn (http://localhost:35887/__cypress/runner/cypress_runner.js:132448:16)\n    at tryCatcher (http://localhost:35887/__cypress/runner/cypress_runner.js:167415:23)\n    at Promise._settlePromiseFromHandler (http://localhost:35887/__cypress/runner/cypress_runner.js:165351:31)\n    at Promise._settlePromise (http://localhost:35887/__cypress/runner/cypress_runner.js:165408:18)\n    at Promise._settlePromise0 (http://localhost:35887/__cypress/runner/cypress_runner.js:165453:10)\n    at Promise._settlePromises (http://localhost:35887/__cypress/runner/cypress_runner.js:165528:18)\n    at Async../node_modules/bluebird/js/release/async.js.Async._drainQueue (http://localhost:35887/__cypress/runner/cypress_runner.js:162140:16)\n    at Async../node_modules/bluebird/js/release/async.js.Async._drainQueues (http://localhost:35887/__cypress/runner/cypress_runner.js:162150:10)\n    at Async.drainQueues (http://localhost:35887/__cypress/runner/cypress_runner.js:162024:14)",
                "diff": null
              },
              "uuid": "e352f9fe-3dbf-42f1-ade0-ca9b391f0be5",
              "parentUUID": "3ee847e0-c17f-4878-ad76-6101b380a6c3",
              "isHook": false,
              "skipped": false
            }
          ],
          "suites": [],
          "passes": [],
          "failures": [
            "32d09e13-442f-4eeb-a301-8b1ed5eec19d",
            "e352f9fe-3dbf-42f1-ade0-ca9b391f0be5"
          ],
          "pending": [],
          "skipped": [],
          "duration": 8568,
          "root": false,
          "rootEmpty": false,
          "_timeout": 2000
        },
        {
          "uuid": "1a5d4f31-77d5-450d-af88-cc8b2b52f584",
          "title": "4 - Adicione à página um quadro de pixels, com 25 pixels.",
          "fullFile": "",
          "file": "",
          "beforeHooks": [],
          "afterHooks": [],
          "tests": [
            {
              "title": "Verifica se o quadro de pixels possui o `id` denominado `pixel-board`",
              "fullTitle": "4 - Adicione à página um quadro de pixels, com 25 pixels. Verifica se o quadro de pixels possui o `id` denominado `pixel-board`",
              "timedOut": null,
              "duration": 168,
              "state": "passed",
              "speed": "slow",
              "pass": true,
              "fail": false,
              "pending": false,
              "context": null,
              "code": "cy.get('#pixel-board').should('be.visible');",
              "err": {},
              "uuid": "f37a4a70-93d3-41ba-981f-08d3025a1304",
              "parentUUID": "1a5d4f31-77d5-450d-af88-cc8b2b52f584",
              "isHook": false,
              "skipped": false
            },
            {
              "title": "Verifica se cada pixel individual dentro do quadro possui a `classe` denominada `pixel`.",
              "fullTitle": "4 - Adicione à página um quadro de pixels, com 25 pixels. Verifica se cada pixel individual dentro do quadro possui a `classe` denominada `pixel`.",
              "timedOut": null,
              "duration": 118,
              "state": "passed",
              "speed": "slow",
              "pass": true,
              "fail": false,
              "pending": false,
              "context": null,
              "code": "cy.get('.pixel').should('have.length', 25);",
              "err": {},
              "uuid": "12f1c8ef-beb9-4ffa-9ade-d4ad983b8c89",
              "parentUUID": "1a5d4f31-77d5-450d-af88-cc8b2b52f584",
              "isHook": false,
              "skipped": false
            },
            {
              "title": "Verifica se a cor inicial dos pixels dentro do quadro, ao abrir a página, é branca.",
              "fullTitle": "4 - Adicione à página um quadro de pixels, com 25 pixels. Verifica se a cor inicial dos pixels dentro do quadro, ao abrir a página, é branca.",
              "timedOut": null,
              "duration": 298,
              "state": "failed",
              "speed": null,
              "pass": false,
              "fail": true,
              "pending": false,
              "context": null,
              "code": "cy.get('.pixel').should('have.length', 25).each(function (pixel) {\n  expect(pixel).to.have.css('background-color', WHITE);\n});",
              "err": {
                "message": "AssertionError: expected '<div.pixel>' to have CSS property 'background-color' with the value 'rgb(255, 255, 255)', but the value was 'rgba(0, 0, 0, 0)'",
                "estack": "AssertionError: expected '<div.pixel>' to have CSS property 'background-color' with the value 'rgb(255, 255, 255)', but the value was 'rgba(0, 0, 0, 0)'\n    at callback (http://localhost:35887/__cypress/runner/cypress_runner.js:136947:20)\n    at getRet (http://localhost:35887/__cypress/runner/cypress_runner.js:136585:16)\n    at tryCatcher (http://localhost:35887/__cypress/runner/cypress_runner.js:167415:23)\n    at Function.Promise.attempt.Promise.try (http://localhost:35887/__cypress/runner/cypress_runner.js:164690:29)\n    at thenFn (http://localhost:35887/__cypress/runner/cypress_runner.js:136599:23)\n    at yieldItem (http://localhost:35887/__cypress/runner/cypress_runner.js:136954:16)\n    at tryCatcher (http://localhost:35887/__cypress/runner/cypress_runner.js:167415:23)\n    at Object.gotValue (http://localhost:35887/__cypress/runner/cypress_runner.js:166557:18)\n    at Object.gotAccum (http://localhost:35887/__cypress/runner/cypress_runner.js:166546:25)\n    at Object.tryCatcher (http://localhost:35887/__cypress/runner/cypress_runner.js:167415:23)\n    at Promise._settlePromiseFromHandler (http://localhost:35887/__cypress/runner/cypress_runner.js:165351:31)\n    at Promise._settlePromise (http://localhost:35887/__cypress/runner/cypress_runner.js:165408:18)\n    at Promise._settlePromiseCtx (http://localhost:35887/__cypress/runner/cypress_runner.js:165445:10)\n    at Async../node_modules/bluebird/js/release/async.js.Async._drainQueue (http://localhost:35887/__cypress/runner/cypress_runner.js:162145:12)\n    at Async../node_modules/bluebird/js/release/async.js.Async._drainQueues (http://localhost:35887/__cypress/runner/cypress_runner.js:162150:10)\n    at Async.drainQueues (http://localhost:35887/__cypress/runner/cypress_runner.js:162024:14)",
                "diff": "- 'rgba(0, 0, 0, 0)'\n+ 'rgb(255, 255, 255)'\n"
              },
              "uuid": "8003c528-854c-4cf6-8ccd-4260915e43ab",
              "parentUUID": "1a5d4f31-77d5-450d-af88-cc8b2b52f584",
              "isHook": false,
              "skipped": false
            },
            {
              "title": "Verifica se o quadro de pixels aparece abaixo da paleta de cores",
              "fullTitle": "4 - Adicione à página um quadro de pixels, com 25 pixels. Verifica se o quadro de pixels aparece abaixo da paleta de cores",
              "timedOut": null,
              "duration": 109,
              "state": "passed",
              "speed": "slow",
              "pass": true,
              "fail": false,
              "pending": false,
              "context": null,
              "code": "cy.get('#color-palette').then(function (palette) {\n  cy.get('#pixel-board').should('be.belowOf', palette);\n});",
              "err": {},
              "uuid": "e497c043-1bbe-4d0a-a707-6d4ecb68170d",
              "parentUUID": "1a5d4f31-77d5-450d-af88-cc8b2b52f584",
              "isHook": false,
              "skipped": false
            }
          ],
          "suites": [],
          "passes": [
            "f37a4a70-93d3-41ba-981f-08d3025a1304",
            "12f1c8ef-beb9-4ffa-9ade-d4ad983b8c89",
            "e497c043-1bbe-4d0a-a707-6d4ecb68170d"
          ],
          "failures": [
            "8003c528-854c-4cf6-8ccd-4260915e43ab"
          ],
          "pending": [],
          "skipped": [],
          "duration": 693,
          "root": false,
          "rootEmpty": false,
          "_timeout": 2000
        },
        {
          "uuid": "0f1d6bc3-3d1b-4fed-9467-afe26120e46f",
          "title": "5 - Faça com que cada elemento do quadro de pixels possua 40 pixels de largura, 40 pixels de altura e seja delimitado por uma borda preta de 1 pixel.",
          "fullFile": "",
          "file": "",
          "beforeHooks": [],
          "afterHooks": [],
          "tests": [
            {
              "title": "Verifica se o quadro de pixels tem altura e comprimento de 5 elementos",
              "fullTitle": "5 - Faça com que cada elemento do quadro de pixels possua 40 pixels de largura, 40 pixels de altura e seja delimitado por uma borda preta de 1 pixel. Verifica se o quadro de pixels tem altura e comprimento de 5 elementos",
              "timedOut": null,
              "duration": 346,
              "state": "failed",
              "speed": null,
              "pass": false,
              "fail": true,
              "pending": false,
              "context": null,
              "code": "cy.get('.pixel').should('have.length', 25).each(function (pixel) {\n  expect(pixel).to.have.css('background-color', WHITE);\n}).and(function (pixels) {\n  var rows = chunk(pixels, 5);\n  rows.forEach(function (row) {\n    for (var index = 1; index < row.length; index += 1) {\n      var current = pixels[index];\n      var previous = pixels[index - 1];\n      cy.wrap(current).should('be.onTheRightOf', previous).and('be.horizontallyAlignedWith', previous);\n    }\n  });\n  for (var index = 1; index < 5; index += 1) {\n    expect(pixels[index * 5]).to.be.belowOf(pixels[(index - 1) * 5]);\n  }\n});",
              "err": {
                "message": "AssertionError: expected '<div.pixel>' to have CSS property 'background-color' with the value 'rgb(255, 255, 255)', but the value was 'rgba(0, 0, 0, 0)'",
                "estack": "AssertionError: expected '<div.pixel>' to have CSS property 'background-color' with the value 'rgb(255, 255, 255)', but the value was 'rgba(0, 0, 0, 0)'\n    at callback (http://localhost:35887/__cypress/runner/cypress_runner.js:136947:20)\n    at getRet (http://localhost:35887/__cypress/runner/cypress_runner.js:136585:16)\n    at tryCatcher (http://localhost:35887/__cypress/runner/cypress_runner.js:167415:23)\n    at Function.Promise.attempt.Promise.try (http://localhost:35887/__cypress/runner/cypress_runner.js:164690:29)\n    at thenFn (http://localhost:35887/__cypress/runner/cypress_runner.js:136599:23)\n    at yieldItem (http://localhost:35887/__cypress/runner/cypress_runner.js:136954:16)\n    at tryCatcher (http://localhost:35887/__cypress/runner/cypress_runner.js:167415:23)\n    at Object.gotValue (http://localhost:35887/__cypress/runner/cypress_runner.js:166557:18)\n    at Object.gotAccum (http://localhost:35887/__cypress/runner/cypress_runner.js:166546:25)\n    at Object.tryCatcher (http://localhost:35887/__cypress/runner/cypress_runner.js:167415:23)\n    at Promise._settlePromiseFromHandler (http://localhost:35887/__cypress/runner/cypress_runner.js:165351:31)\n    at Promise._settlePromise (http://localhost:35887/__cypress/runner/cypress_runner.js:165408:18)\n    at Promise._settlePromiseCtx (http://localhost:35887/__cypress/runner/cypress_runner.js:165445:10)\n    at Async../node_modules/bluebird/js/release/async.js.Async._drainQueue (http://localhost:35887/__cypress/runner/cypress_runner.js:162145:12)\n    at Async../node_modules/bluebird/js/release/async.js.Async._drainQueues (http://localhost:35887/__cypress/runner/cypress_runner.js:162150:10)\n    at Async.drainQueues (http://localhost:35887/__cypress/runner/cypress_runner.js:162024:14)",
                "diff": "- 'rgba(0, 0, 0, 0)'\n+ 'rgb(255, 255, 255)'\n"
              },
              "uuid": "a06353fa-d098-467b-a6a4-81d8ea0a0ab4",
              "parentUUID": "0f1d6bc3-3d1b-4fed-9467-afe26120e46f",
              "isHook": false,
              "skipped": false
            },
            {
              "title": "Verifica se 40 pixels é o tamanho total do elemento, incluindo seu conteúdo e excluindo a borda preta, que deve ser criada à parte.",
              "fullTitle": "5 - Faça com que cada elemento do quadro de pixels possua 40 pixels de largura, 40 pixels de altura e seja delimitado por uma borda preta de 1 pixel. Verifica se 40 pixels é o tamanho total do elemento, incluindo seu conteúdo e excluindo a borda preta, que deve ser criada à parte.",
              "timedOut": null,
              "duration": 329,
              "state": "passed",
              "speed": "slow",
              "pass": true,
              "fail": false,
              "pending": false,
              "context": null,
              "code": "cy.get('.pixel').each(function (pixel) {\n  cy.wrap(pixel).should('have.css', 'height', '40px').and('have.css', 'width', '40px').and('have.css', 'border', \"1px solid \".concat(BLACK));\n});",
              "err": {},
              "uuid": "facda45e-a93a-4c3d-b268-ac25fc45c300",
              "parentUUID": "0f1d6bc3-3d1b-4fed-9467-afe26120e46f",
              "isHook": false,
              "skipped": false
            }
          ],
          "suites": [],
          "passes": [
            "facda45e-a93a-4c3d-b268-ac25fc45c300"
          ],
          "failures": [
            "a06353fa-d098-467b-a6a4-81d8ea0a0ab4"
          ],
          "pending": [],
          "skipped": [],
          "duration": 675,
          "root": false,
          "rootEmpty": false,
          "_timeout": 2000
        },
        {
          "uuid": "e24a9b27-4253-464b-b988-9626703342bf",
          "title": "6 - Defina a cor preta como cor inicial. Ao carregar a página a cor preta já deve estar selecionada para pintar os pixels",
          "fullFile": "",
          "file": "",
          "beforeHooks": [],
          "afterHooks": [],
          "tests": [
            {
              "title": "Verifica se o elemento da cor preta possui, inicialmente, a `classe` `selected`",
              "fullTitle": "6 - Defina a cor preta como cor inicial. Ao carregar a página a cor preta já deve estar selecionada para pintar os pixels Verifica se o elemento da cor preta possui, inicialmente, a `classe` `selected`",
              "timedOut": null,
              "duration": 4240,
              "state": "failed",
              "speed": null,
              "pass": false,
              "fail": true,
              "pending": false,
              "context": null,
              "code": "cy.get('.selected').first().should('have.css', 'background-color', BLACK);",
              "err": {
                "message": "CypressError: Timed out retrying: Expected to find element: '.selected', but never found it.",
                "estack": "CypressError: Timed out retrying: Expected to find element: '.selected', but never found it.\n    at cypressErr (http://localhost:35887/__cypress/runner/cypress_runner.js:149934:9)\n    at throwErr (http://localhost:35887/__cypress/runner/cypress_runner.js:149867:11)\n    at Object.throwErrByPath (http://localhost:35887/__cypress/runner/cypress_runner.js:149915:3)\n    at retry (http://localhost:35887/__cypress/runner/cypress_runner.js:144197:19)\n    at onFailFn (http://localhost:35887/__cypress/runner/cypress_runner.js:132448:16)\n    at tryCatcher (http://localhost:35887/__cypress/runner/cypress_runner.js:167415:23)\n    at Promise._settlePromiseFromHandler (http://localhost:35887/__cypress/runner/cypress_runner.js:165351:31)\n    at Promise._settlePromise (http://localhost:35887/__cypress/runner/cypress_runner.js:165408:18)\n    at Promise._settlePromise0 (http://localhost:35887/__cypress/runner/cypress_runner.js:165453:10)\n    at Promise._settlePromises (http://localhost:35887/__cypress/runner/cypress_runner.js:165528:18)\n    at Async../node_modules/bluebird/js/release/async.js.Async._drainQueue (http://localhost:35887/__cypress/runner/cypress_runner.js:162140:16)\n    at Async../node_modules/bluebird/js/release/async.js.Async._drainQueues (http://localhost:35887/__cypress/runner/cypress_runner.js:162150:10)\n    at Async.drainQueues (http://localhost:35887/__cypress/runner/cypress_runner.js:162024:14)",
                "diff": null
              },
              "uuid": "15c50709-b38c-480b-8c74-a0cca01d3346",
              "parentUUID": "e24a9b27-4253-464b-b988-9626703342bf",
              "isHook": false,
              "skipped": false
            },
            {
              "title": "Verifica se nenhuma outra cor da paleta tem a `classe` `selected`",
              "fullTitle": "6 - Defina a cor preta como cor inicial. Ao carregar a página a cor preta já deve estar selecionada para pintar os pixels Verifica se nenhuma outra cor da paleta tem a `classe` `selected`",
              "timedOut": null,
              "duration": 4298,
              "state": "failed",
              "speed": null,
              "pass": false,
              "fail": true,
              "pending": false,
              "context": null,
              "code": "cy.get('.color:not(:first-child)').each(function (color) {\n  cy.wrap(color).should('not.have.class', 'selected');\n});",
              "err": {
                "message": "CypressError: Timed out retrying: Expected to find element: '.color:not(:first-child)', but never found it.",
                "estack": "CypressError: Timed out retrying: Expected to find element: '.color:not(:first-child)', but never found it.\n    at cypressErr (http://localhost:35887/__cypress/runner/cypress_runner.js:149934:9)\n    at throwErr (http://localhost:35887/__cypress/runner/cypress_runner.js:149867:11)\n    at Object.throwErrByPath (http://localhost:35887/__cypress/runner/cypress_runner.js:149915:3)\n    at retry (http://localhost:35887/__cypress/runner/cypress_runner.js:144197:19)\n    at onFailFn (http://localhost:35887/__cypress/runner/cypress_runner.js:132448:16)\n    at tryCatcher (http://localhost:35887/__cypress/runner/cypress_runner.js:167415:23)\n    at Promise._settlePromiseFromHandler (http://localhost:35887/__cypress/runner/cypress_runner.js:165351:31)\n    at Promise._settlePromise (http://localhost:35887/__cypress/runner/cypress_runner.js:165408:18)\n    at Promise._settlePromise0 (http://localhost:35887/__cypress/runner/cypress_runner.js:165453:10)\n    at Promise._settlePromises (http://localhost:35887/__cypress/runner/cypress_runner.js:165528:18)\n    at Async../node_modules/bluebird/js/release/async.js.Async._drainQueue (http://localhost:35887/__cypress/runner/cypress_runner.js:162140:16)\n    at Async../node_modules/bluebird/js/release/async.js.Async._drainQueues (http://localhost:35887/__cypress/runner/cypress_runner.js:162150:10)\n    at Async.drainQueues (http://localhost:35887/__cypress/runner/cypress_runner.js:162024:14)",
                "diff": null
              },
              "uuid": "4a88075b-f74b-41e7-97f5-c097b70952aa",
              "parentUUID": "e24a9b27-4253-464b-b988-9626703342bf",
              "isHook": false,
              "skipped": false
            }
          ],
          "suites": [],
          "passes": [],
          "failures": [
            "15c50709-b38c-480b-8c74-a0cca01d3346",
            "4a88075b-f74b-41e7-97f5-c097b70952aa"
          ],
          "pending": [],
          "skipped": [],
          "duration": 8538,
          "root": false,
          "rootEmpty": false,
          "_timeout": 2000
        },
        {
          "uuid": "46175d7f-f157-4685-9d6b-e3b887d8aa98",
          "title": "7 - Clicar em uma das cores da paleta, faz com que ela seja selecionada e utilizada para preencher os pixels no quadro.",
          "fullFile": "",
          "file": "",
          "beforeHooks": [],
          "afterHooks": [],
          "tests": [
            {
              "title": "Verifica se somente uma cor da paleta de cores tem a classe `selected` de cada vez",
              "fullTitle": "7 - Clicar em uma das cores da paleta, faz com que ela seja selecionada e utilizada para preencher os pixels no quadro. Verifica se somente uma cor da paleta de cores tem a classe `selected` de cada vez",
              "timedOut": null,
              "duration": 4387,
              "state": "failed",
              "speed": null,
              "pass": false,
              "fail": true,
              "pending": false,
              "context": null,
              "code": "cy.get('.color').each(function (selectedColor, selectedColorIndex) {\n  cy.wrap(selectedColor).click();\n  cy.get('.color').each(function (color, colorIndex) {\n    if (colorIndex === selectedColorIndex) {\n      expect(color).to.have[\"class\"]('selected');\n    } else {\n      expect(color).not.to.have[\"class\"]('selected');\n    }\n  });\n});",
              "err": {
                "message": "CypressError: Timed out retrying: Expected to find element: '.color', but never found it.",
                "estack": "CypressError: Timed out retrying: Expected to find element: '.color', but never found it.\n    at cypressErr (http://localhost:35887/__cypress/runner/cypress_runner.js:149934:9)\n    at throwErr (http://localhost:35887/__cypress/runner/cypress_runner.js:149867:11)\n    at Object.throwErrByPath (http://localhost:35887/__cypress/runner/cypress_runner.js:149915:3)\n    at retry (http://localhost:35887/__cypress/runner/cypress_runner.js:144197:19)\n    at onFailFn (http://localhost:35887/__cypress/runner/cypress_runner.js:132448:16)\n    at tryCatcher (http://localhost:35887/__cypress/runner/cypress_runner.js:167415:23)\n    at Promise._settlePromiseFromHandler (http://localhost:35887/__cypress/runner/cypress_runner.js:165351:31)\n    at Promise._settlePromise (http://localhost:35887/__cypress/runner/cypress_runner.js:165408:18)\n    at Promise._settlePromise0 (http://localhost:35887/__cypress/runner/cypress_runner.js:165453:10)\n    at Promise._settlePromises (http://localhost:35887/__cypress/runner/cypress_runner.js:165528:18)\n    at Async../node_modules/bluebird/js/release/async.js.Async._drainQueue (http://localhost:35887/__cypress/runner/cypress_runner.js:162140:16)\n    at Async../node_modules/bluebird/js/release/async.js.Async._drainQueues (http://localhost:35887/__cypress/runner/cypress_runner.js:162150:10)\n    at Async.drainQueues (http://localhost:35887/__cypress/runner/cypress_runner.js:162024:14)",
                "diff": null
              },
              "uuid": "396b0f04-3d8f-4622-a405-aa697198dacd",
              "parentUUID": "46175d7f-f157-4685-9d6b-e3b887d8aa98",
              "isHook": false,
              "skipped": false
            },
            {
              "title": "Verifica se os pixels dentro do quadro não têm a classe `selected` quando são clicados",
              "fullTitle": "7 - Clicar em uma das cores da paleta, faz com que ela seja selecionada e utilizada para preencher os pixels no quadro. Verifica se os pixels dentro do quadro não têm a classe `selected` quando são clicados",
              "timedOut": null,
              "duration": 4418,
              "state": "failed",
              "speed": null,
              "pass": false,
              "fail": true,
              "pending": false,
              "context": null,
              "code": "cy.get('.color').each(function (color) {\n  var backgroundColor = color.css('background-color');\n  cy.wrap(color).click();\n  cy.get('.pixel').each(function (pixel) {\n    cy.wrap(pixel).click().should('not.have.class', 'selected');\n  });\n});",
              "err": {
                "message": "CypressError: Timed out retrying: Expected to find element: '.color', but never found it.",
                "estack": "CypressError: Timed out retrying: Expected to find element: '.color', but never found it.\n    at cypressErr (http://localhost:35887/__cypress/runner/cypress_runner.js:149934:9)\n    at throwErr (http://localhost:35887/__cypress/runner/cypress_runner.js:149867:11)\n    at Object.throwErrByPath (http://localhost:35887/__cypress/runner/cypress_runner.js:149915:3)\n    at retry (http://localhost:35887/__cypress/runner/cypress_runner.js:144197:19)\n    at onFailFn (http://localhost:35887/__cypress/runner/cypress_runner.js:132448:16)\n    at tryCatcher (http://localhost:35887/__cypress/runner/cypress_runner.js:167415:23)\n    at Promise._settlePromiseFromHandler (http://localhost:35887/__cypress/runner/cypress_runner.js:165351:31)\n    at Promise._settlePromise (http://localhost:35887/__cypress/runner/cypress_runner.js:165408:18)\n    at Promise._settlePromise0 (http://localhost:35887/__cypress/runner/cypress_runner.js:165453:10)\n    at Promise._settlePromises (http://localhost:35887/__cypress/runner/cypress_runner.js:165528:18)\n    at Async../node_modules/bluebird/js/release/async.js.Async._drainQueue (http://localhost:35887/__cypress/runner/cypress_runner.js:162140:16)\n    at Async../node_modules/bluebird/js/release/async.js.Async._drainQueues (http://localhost:35887/__cypress/runner/cypress_runner.js:162150:10)\n    at Async.drainQueues (http://localhost:35887/__cypress/runner/cypress_runner.js:162024:14)",
                "diff": null
              },
              "uuid": "efd54659-6c4b-4a67-b149-47e0d15813da",
              "parentUUID": "46175d7f-f157-4685-9d6b-e3b887d8aa98",
              "isHook": false,
              "skipped": false
            }
          ],
          "suites": [],
          "passes": [],
          "failures": [
            "396b0f04-3d8f-4622-a405-aa697198dacd",
            "efd54659-6c4b-4a67-b149-47e0d15813da"
          ],
          "pending": [],
          "skipped": [],
          "duration": 8805,
          "root": false,
          "rootEmpty": false,
          "_timeout": 2000
        },
        {
          "uuid": "0f8c163b-0c45-421c-bdf7-edb88194ef7c",
          "title": "8 - Clicar em um pixel dentro do quadro após selecionar uma cor na paleta, faz com que o pixel seja preenchido com a cor selecionada.",
          "fullFile": "",
          "file": "",
          "beforeHooks": [],
          "afterHooks": [],
          "tests": [
            {
              "title": "Verifica se ao carregar a página deve ser possível pintar os pixels de preto",
              "fullTitle": "8 - Clicar em um pixel dentro do quadro após selecionar uma cor na paleta, faz com que o pixel seja preenchido com a cor selecionada. Verifica se ao carregar a página deve ser possível pintar os pixels de preto",
              "timedOut": null,
              "duration": 4497,
              "state": "failed",
              "speed": null,
              "pass": false,
              "fail": true,
              "pending": false,
              "context": null,
              "code": "cy.get('.pixel').each(function (pixel) {\n  cy.wrap(pixel).click().should('have.css', 'background-color', BLACK);\n});",
              "err": {
                "message": "CypressError: Timed out retrying: expected '<div.pixel>' to have CSS property 'background-color' with the value 'rgb(0, 0, 0)', but the value was 'rgba(0, 0, 0, 0)'",
                "estack": "CypressError: Timed out retrying: expected '<div.pixel>' to have CSS property 'background-color' with the value 'rgb(0, 0, 0)', but the value was 'rgba(0, 0, 0, 0)'\n    at cypressErr (http://localhost:35887/__cypress/runner/cypress_runner.js:149934:9)\n    at throwErr (http://localhost:35887/__cypress/runner/cypress_runner.js:149867:11)\n    at Object.throwErrByPath (http://localhost:35887/__cypress/runner/cypress_runner.js:149915:3)\n    at retry (http://localhost:35887/__cypress/runner/cypress_runner.js:144197:19)\n    at onFailFn (http://localhost:35887/__cypress/runner/cypress_runner.js:132448:16)\n    at tryCatcher (http://localhost:35887/__cypress/runner/cypress_runner.js:167415:23)\n    at Promise._settlePromiseFromHandler (http://localhost:35887/__cypress/runner/cypress_runner.js:165351:31)\n    at Promise._settlePromise (http://localhost:35887/__cypress/runner/cypress_runner.js:165408:18)\n    at Promise._settlePromise0 (http://localhost:35887/__cypress/runner/cypress_runner.js:165453:10)\n    at Promise._settlePromises (http://localhost:35887/__cypress/runner/cypress_runner.js:165528:18)\n    at Async../node_modules/bluebird/js/release/async.js.Async._drainQueue (http://localhost:35887/__cypress/runner/cypress_runner.js:162140:16)\n    at Async../node_modules/bluebird/js/release/async.js.Async._drainQueues (http://localhost:35887/__cypress/runner/cypress_runner.js:162150:10)\n    at Async.drainQueues (http://localhost:35887/__cypress/runner/cypress_runner.js:162024:14)",
                "diff": null
              },
              "uuid": "467260b8-2f20-48ae-ba4a-9fedca270d16",
              "parentUUID": "0f8c163b-0c45-421c-bdf7-edb88194ef7c",
              "isHook": false,
              "skipped": false
            },
            {
              "title": "Verifica se após selecionar uma outra cor na paleta, é possível pintar os pixels com essa cor",
              "fullTitle": "8 - Clicar em um pixel dentro do quadro após selecionar uma cor na paleta, faz com que o pixel seja preenchido com a cor selecionada. Verifica se após selecionar uma outra cor na paleta, é possível pintar os pixels com essa cor",
              "timedOut": null,
              "duration": 4304,
              "state": "failed",
              "speed": null,
              "pass": false,
              "fail": true,
              "pending": false,
              "context": null,
              "code": "cy.get('.color').each(function (color) {\n  var backgroundColor = color.css('background-color');\n  cy.wrap(color).click();\n  cy.get('.pixel').each(function (pixel) {\n    cy.wrap(pixel).click().should('have.css', 'background-color', backgroundColor);\n  });\n});",
              "err": {
                "message": "CypressError: Timed out retrying: Expected to find element: '.color', but never found it.",
                "estack": "CypressError: Timed out retrying: Expected to find element: '.color', but never found it.\n    at cypressErr (http://localhost:35887/__cypress/runner/cypress_runner.js:149934:9)\n    at throwErr (http://localhost:35887/__cypress/runner/cypress_runner.js:149867:11)\n    at Object.throwErrByPath (http://localhost:35887/__cypress/runner/cypress_runner.js:149915:3)\n    at retry (http://localhost:35887/__cypress/runner/cypress_runner.js:144197:19)\n    at onFailFn (http://localhost:35887/__cypress/runner/cypress_runner.js:132448:16)\n    at tryCatcher (http://localhost:35887/__cypress/runner/cypress_runner.js:167415:23)\n    at Promise._settlePromiseFromHandler (http://localhost:35887/__cypress/runner/cypress_runner.js:165351:31)\n    at Promise._settlePromise (http://localhost:35887/__cypress/runner/cypress_runner.js:165408:18)\n    at Promise._settlePromise0 (http://localhost:35887/__cypress/runner/cypress_runner.js:165453:10)\n    at Promise._settlePromises (http://localhost:35887/__cypress/runner/cypress_runner.js:165528:18)\n    at Async../node_modules/bluebird/js/release/async.js.Async._drainQueue (http://localhost:35887/__cypress/runner/cypress_runner.js:162140:16)\n    at Async../node_modules/bluebird/js/release/async.js.Async._drainQueues (http://localhost:35887/__cypress/runner/cypress_runner.js:162150:10)\n    at Async.drainQueues (http://localhost:35887/__cypress/runner/cypress_runner.js:162024:14)",
                "diff": null
              },
              "uuid": "ca1924d1-91d1-4a13-98eb-aa70d76ca3fe",
              "parentUUID": "0f8c163b-0c45-421c-bdf7-edb88194ef7c",
              "isHook": false,
              "skipped": false
            },
            {
              "title": "Verifica se somente o pixel que foi clicado foi preenchido com a cor selecionada, sem influenciar na cor dos demais pixels.",
              "fullTitle": "8 - Clicar em um pixel dentro do quadro após selecionar uma cor na paleta, faz com que o pixel seja preenchido com a cor selecionada. Verifica se somente o pixel que foi clicado foi preenchido com a cor selecionada, sem influenciar na cor dos demais pixels.",
              "timedOut": null,
              "duration": 4286,
              "state": "failed",
              "speed": null,
              "pass": false,
              "fail": true,
              "pending": false,
              "context": null,
              "code": "var colorToPixelIndexMap = {\n  0: 6,\n  1: 8,\n  2: 16,\n  3: 18\n};\ncy.get('.color').each(function (color, index) {\n  cy.wrap(color).click();\n  var backgroundColor = color.css('background-color');\n  var clickedPixelIndex = colorToPixelIndexMap[index];\n  cy.get('.pixel').eq(clickedPixelIndex).click();\n  cy.get('.pixel').eq(clickedPixelIndex - 1).should('not.have.css', 'background-color', backgroundColor);\n  cy.get('.pixel').eq(clickedPixelIndex + 1).should('not.have.css', 'background-color', backgroundColor);\n  cy.get('.pixel').eq(clickedPixelIndex - 5).should('not.have.css', 'background-color', backgroundColor);\n  cy.get('.pixel').eq(clickedPixelIndex + 5).should('not.have.css', 'background-color', backgroundColor);\n  cy.get('.pixel').eq(clickedPixelIndex - 6).should('not.have.css', 'background-color', backgroundColor);\n  cy.get('.pixel').eq(clickedPixelIndex - 4).should('not.have.css', 'background-color', backgroundColor);\n  cy.get('.pixel').eq(clickedPixelIndex + 4).should('not.have.css', 'background-color', backgroundColor);\n  cy.get('.pixel').eq(clickedPixelIndex + 6).should('not.have.css', 'background-color', backgroundColor);\n});",
              "err": {
                "message": "CypressError: Timed out retrying: Expected to find element: '.color', but never found it.",
                "estack": "CypressError: Timed out retrying: Expected to find element: '.color', but never found it.\n    at cypressErr (http://localhost:35887/__cypress/runner/cypress_runner.js:149934:9)\n    at throwErr (http://localhost:35887/__cypress/runner/cypress_runner.js:149867:11)\n    at Object.throwErrByPath (http://localhost:35887/__cypress/runner/cypress_runner.js:149915:3)\n    at retry (http://localhost:35887/__cypress/runner/cypress_runner.js:144197:19)\n    at onFailFn (http://localhost:35887/__cypress/runner/cypress_runner.js:132448:16)\n    at tryCatcher (http://localhost:35887/__cypress/runner/cypress_runner.js:167415:23)\n    at Promise._settlePromiseFromHandler (http://localhost:35887/__cypress/runner/cypress_runner.js:165351:31)\n    at Promise._settlePromise (http://localhost:35887/__cypress/runner/cypress_runner.js:165408:18)\n    at Promise._settlePromise0 (http://localhost:35887/__cypress/runner/cypress_runner.js:165453:10)\n    at Promise._settlePromises (http://localhost:35887/__cypress/runner/cypress_runner.js:165528:18)\n    at Async../node_modules/bluebird/js/release/async.js.Async._drainQueue (http://localhost:35887/__cypress/runner/cypress_runner.js:162140:16)\n    at Async../node_modules/bluebird/js/release/async.js.Async._drainQueues (http://localhost:35887/__cypress/runner/cypress_runner.js:162150:10)\n    at Async.drainQueues (http://localhost:35887/__cypress/runner/cypress_runner.js:162024:14)",
                "diff": null
              },
              "uuid": "118a8dd0-ad7e-422b-92fc-0631689c6f92",
              "parentUUID": "0f8c163b-0c45-421c-bdf7-edb88194ef7c",
              "isHook": false,
              "skipped": false
            }
          ],
          "suites": [],
          "passes": [],
          "failures": [
            "467260b8-2f20-48ae-ba4a-9fedca270d16",
            "ca1924d1-91d1-4a13-98eb-aa70d76ca3fe",
            "118a8dd0-ad7e-422b-92fc-0631689c6f92"
          ],
          "pending": [],
          "skipped": [],
          "duration": 13087,
          "root": false,
          "rootEmpty": false,
          "_timeout": 2000
        },
        {
          "uuid": "0548deac-8335-4a1d-997a-ecf875f4aaad",
          "title": "9 - Crie um botão que, ao ser clicado, limpa o quadro preenchendo a cor de todos seus pixels com branco.",
          "fullFile": "",
          "file": "",
          "beforeHooks": [],
          "afterHooks": [],
          "tests": [
            {
              "title": "Verifica se o botão tem o `id` denominado `clear-board`",
              "fullTitle": "9 - Crie um botão que, ao ser clicado, limpa o quadro preenchendo a cor de todos seus pixels com branco. Verifica se o botão tem o `id` denominado `clear-board`",
              "timedOut": null,
              "duration": 4315,
              "state": "failed",
              "speed": null,
              "pass": false,
              "fail": true,
              "pending": false,
              "context": null,
              "code": "cy.get('#clear-board').should('be.visible');",
              "err": {
                "message": "CypressError: Timed out retrying: Expected to find element: '#clear-board', but never found it.",
                "estack": "CypressError: Timed out retrying: Expected to find element: '#clear-board', but never found it.\n    at cypressErr (http://localhost:35887/__cypress/runner/cypress_runner.js:149934:9)\n    at throwErr (http://localhost:35887/__cypress/runner/cypress_runner.js:149867:11)\n    at Object.throwErrByPath (http://localhost:35887/__cypress/runner/cypress_runner.js:149915:3)\n    at retry (http://localhost:35887/__cypress/runner/cypress_runner.js:144197:19)\n    at onFailFn (http://localhost:35887/__cypress/runner/cypress_runner.js:132448:16)\n    at tryCatcher (http://localhost:35887/__cypress/runner/cypress_runner.js:167415:23)\n    at Promise._settlePromiseFromHandler (http://localhost:35887/__cypress/runner/cypress_runner.js:165351:31)\n    at Promise._settlePromise (http://localhost:35887/__cypress/runner/cypress_runner.js:165408:18)\n    at Promise._settlePromise0 (http://localhost:35887/__cypress/runner/cypress_runner.js:165453:10)\n    at Promise._settlePromises (http://localhost:35887/__cypress/runner/cypress_runner.js:165528:18)\n    at Async../node_modules/bluebird/js/release/async.js.Async._drainQueue (http://localhost:35887/__cypress/runner/cypress_runner.js:162140:16)\n    at Async../node_modules/bluebird/js/release/async.js.Async._drainQueues (http://localhost:35887/__cypress/runner/cypress_runner.js:162150:10)\n    at Async.drainQueues (http://localhost:35887/__cypress/runner/cypress_runner.js:162024:14)",
                "diff": null
              },
              "uuid": "70294d65-9126-4d3d-8cc9-fc4e97976df8",
              "parentUUID": "0548deac-8335-4a1d-997a-ecf875f4aaad",
              "isHook": false,
              "skipped": false
            },
            {
              "title": "Verifica se o botão está posicionado entre a paleta de cores e o quadro de pixels",
              "fullTitle": "9 - Crie um botão que, ao ser clicado, limpa o quadro preenchendo a cor de todos seus pixels com branco. Verifica se o botão está posicionado entre a paleta de cores e o quadro de pixels",
              "timedOut": null,
              "duration": 4288,
              "state": "failed",
              "speed": null,
              "pass": false,
              "fail": true,
              "pending": false,
              "context": null,
              "code": "cy.get('#color-palette').then(function (palette) {\n  cy.get('#clear-board').should('be.belowOf', palette);\n});\ncy.get('#clear-board').then(function (clearBtn) {\n  cy.get('#pixel-board').should('be.belowOf', clearBtn);\n});",
              "err": {
                "message": "CypressError: Timed out retrying: Expected to find element: '#clear-board', but never found it.",
                "estack": "CypressError: Timed out retrying: Expected to find element: '#clear-board', but never found it.\n    at cypressErr (http://localhost:35887/__cypress/runner/cypress_runner.js:149934:9)\n    at throwErr (http://localhost:35887/__cypress/runner/cypress_runner.js:149867:11)\n    at Object.throwErrByPath (http://localhost:35887/__cypress/runner/cypress_runner.js:149915:3)\n    at retry (http://localhost:35887/__cypress/runner/cypress_runner.js:144197:19)\n    at onFailFn (http://localhost:35887/__cypress/runner/cypress_runner.js:132448:16)\n    at tryCatcher (http://localhost:35887/__cypress/runner/cypress_runner.js:167415:23)\n    at Promise._settlePromiseFromHandler (http://localhost:35887/__cypress/runner/cypress_runner.js:165351:31)\n    at Promise._settlePromise (http://localhost:35887/__cypress/runner/cypress_runner.js:165408:18)\n    at Promise._settlePromise0 (http://localhost:35887/__cypress/runner/cypress_runner.js:165453:10)\n    at Promise._settlePromises (http://localhost:35887/__cypress/runner/cypress_runner.js:165528:18)\n    at Async../node_modules/bluebird/js/release/async.js.Async._drainQueue (http://localhost:35887/__cypress/runner/cypress_runner.js:162140:16)\n    at Async../node_modules/bluebird/js/release/async.js.Async._drainQueues (http://localhost:35887/__cypress/runner/cypress_runner.js:162150:10)\n    at Async.drainQueues (http://localhost:35887/__cypress/runner/cypress_runner.js:162024:14)",
                "diff": null
              },
              "uuid": "7a12ad76-006b-45bb-8b15-5de8d0a11e31",
              "parentUUID": "0548deac-8335-4a1d-997a-ecf875f4aaad",
              "isHook": false,
              "skipped": false
            },
            {
              "title": "Verifica se o texto do botão é 'Limpar'",
              "fullTitle": "9 - Crie um botão que, ao ser clicado, limpa o quadro preenchendo a cor de todos seus pixels com branco. Verifica se o texto do botão é 'Limpar'",
              "timedOut": null,
              "duration": 4316,
              "state": "failed",
              "speed": null,
              "pass": false,
              "fail": true,
              "pending": false,
              "context": null,
              "code": "cy.get('#clear-board').should('contain.text', 'Limpar');",
              "err": {
                "message": "CypressError: Timed out retrying: Expected to find element: '#clear-board', but never found it.",
                "estack": "CypressError: Timed out retrying: Expected to find element: '#clear-board', but never found it.\n    at cypressErr (http://localhost:35887/__cypress/runner/cypress_runner.js:149934:9)\n    at throwErr (http://localhost:35887/__cypress/runner/cypress_runner.js:149867:11)\n    at Object.throwErrByPath (http://localhost:35887/__cypress/runner/cypress_runner.js:149915:3)\n    at retry (http://localhost:35887/__cypress/runner/cypress_runner.js:144197:19)\n    at onFailFn (http://localhost:35887/__cypress/runner/cypress_runner.js:132448:16)\n    at tryCatcher (http://localhost:35887/__cypress/runner/cypress_runner.js:167415:23)\n    at Promise._settlePromiseFromHandler (http://localhost:35887/__cypress/runner/cypress_runner.js:165351:31)\n    at Promise._settlePromise (http://localhost:35887/__cypress/runner/cypress_runner.js:165408:18)\n    at Promise._settlePromise0 (http://localhost:35887/__cypress/runner/cypress_runner.js:165453:10)\n    at Promise._settlePromises (http://localhost:35887/__cypress/runner/cypress_runner.js:165528:18)\n    at Async../node_modules/bluebird/js/release/async.js.Async._drainQueue (http://localhost:35887/__cypress/runner/cypress_runner.js:162140:16)\n    at Async../node_modules/bluebird/js/release/async.js.Async._drainQueues (http://localhost:35887/__cypress/runner/cypress_runner.js:162150:10)\n    at Async.drainQueues (http://localhost:35887/__cypress/runner/cypress_runner.js:162024:14)",
                "diff": null
              },
              "uuid": "1965546d-d513-437d-a44e-c02ccdc17ce0",
              "parentUUID": "0548deac-8335-4a1d-997a-ecf875f4aaad",
              "isHook": false,
              "skipped": false
            },
            {
              "title": "Verifica se ao clicar no botão, o quadro de pixels é totalmente preenchido de branco",
              "fullTitle": "9 - Crie um botão que, ao ser clicado, limpa o quadro preenchendo a cor de todos seus pixels com branco. Verifica se ao clicar no botão, o quadro de pixels é totalmente preenchido de branco",
              "timedOut": null,
              "duration": 4275,
              "state": "failed",
              "speed": null,
              "pass": false,
              "fail": true,
              "pending": false,
              "context": null,
              "code": "cy.get('.color').eq(1).then(function (color) {\n  var backgroundColor = color.css('background-color');\n  cy.wrap(color).click();\n  cy.get('.pixel').each(function (pixel) {\n    cy.wrap(pixel).click().should('have.css', 'background-color', backgroundColor);\n  });\n});\ncy.get('#clear-board').click();\ncy.get('.pixel').each(function (pixel) {\n  cy.wrap(pixel).should('have.css', 'background-color', WHITE);\n});",
              "err": {
                "message": "CypressError: Timed out retrying: Expected to find element: '.color', but never found it.",
                "estack": "CypressError: Timed out retrying: Expected to find element: '.color', but never found it.\n    at cypressErr (http://localhost:35887/__cypress/runner/cypress_runner.js:149934:9)\n    at throwErr (http://localhost:35887/__cypress/runner/cypress_runner.js:149867:11)\n    at Object.throwErrByPath (http://localhost:35887/__cypress/runner/cypress_runner.js:149915:3)\n    at retry (http://localhost:35887/__cypress/runner/cypress_runner.js:144197:19)\n    at onFailFn (http://localhost:35887/__cypress/runner/cypress_runner.js:132448:16)\n    at tryCatcher (http://localhost:35887/__cypress/runner/cypress_runner.js:167415:23)\n    at Promise._settlePromiseFromHandler (http://localhost:35887/__cypress/runner/cypress_runner.js:165351:31)\n    at Promise._settlePromise (http://localhost:35887/__cypress/runner/cypress_runner.js:165408:18)\n    at Promise._settlePromise0 (http://localhost:35887/__cypress/runner/cypress_runner.js:165453:10)\n    at Promise._settlePromises (http://localhost:35887/__cypress/runner/cypress_runner.js:165528:18)\n    at Async../node_modules/bluebird/js/release/async.js.Async._drainQueue (http://localhost:35887/__cypress/runner/cypress_runner.js:162140:16)\n    at Async../node_modules/bluebird/js/release/async.js.Async._drainQueues (http://localhost:35887/__cypress/runner/cypress_runner.js:162150:10)\n    at Async.drainQueues (http://localhost:35887/__cypress/runner/cypress_runner.js:162024:14)",
                "diff": null
              },
              "uuid": "2d17dd5f-6fcd-4aa6-80b4-21924b230708",
              "parentUUID": "0548deac-8335-4a1d-997a-ecf875f4aaad",
              "isHook": false,
              "skipped": false
            }
          ],
          "suites": [],
          "passes": [],
          "failures": [
            "70294d65-9126-4d3d-8cc9-fc4e97976df8",
            "7a12ad76-006b-45bb-8b15-5de8d0a11e31",
            "1965546d-d513-437d-a44e-c02ccdc17ce0",
            "2d17dd5f-6fcd-4aa6-80b4-21924b230708"
          ],
          "pending": [],
          "skipped": [],
          "duration": 17194,
          "root": false,
          "rootEmpty": false,
          "_timeout": 2000
        },
        {
          "uuid": "f7e24005-3217-4bf5-b2da-721ad59c852c",
          "title": "10 - Faça o quadro de pixels ter seu tamanho definido pelo usuário.",
          "fullFile": "",
          "file": "",
          "beforeHooks": [],
          "afterHooks": [],
          "tests": [
            {
              "title": "Verifica se existe um input com o id `board-size`",
              "fullTitle": "10 - Faça o quadro de pixels ter seu tamanho definido pelo usuário. Verifica se existe um input com o id `board-size`",
              "timedOut": null,
              "duration": 4341,
              "state": "failed",
              "speed": null,
              "pass": false,
              "fail": true,
              "pending": false,
              "context": null,
              "code": "cy.get('#board-size').should('be.visible');",
              "err": {
                "message": "CypressError: Timed out retrying: Expected to find element: '#board-size', but never found it.",
                "estack": "CypressError: Timed out retrying: Expected to find element: '#board-size', but never found it.\n    at cypressErr (http://localhost:35887/__cypress/runner/cypress_runner.js:149934:9)\n    at throwErr (http://localhost:35887/__cypress/runner/cypress_runner.js:149867:11)\n    at Object.throwErrByPath (http://localhost:35887/__cypress/runner/cypress_runner.js:149915:3)\n    at retry (http://localhost:35887/__cypress/runner/cypress_runner.js:144197:19)\n    at onFailFn (http://localhost:35887/__cypress/runner/cypress_runner.js:132448:16)\n    at tryCatcher (http://localhost:35887/__cypress/runner/cypress_runner.js:167415:23)\n    at Promise._settlePromiseFromHandler (http://localhost:35887/__cypress/runner/cypress_runner.js:165351:31)\n    at Promise._settlePromise (http://localhost:35887/__cypress/runner/cypress_runner.js:165408:18)\n    at Promise._settlePromise0 (http://localhost:35887/__cypress/runner/cypress_runner.js:165453:10)\n    at Promise._settlePromises (http://localhost:35887/__cypress/runner/cypress_runner.js:165528:18)\n    at Async../node_modules/bluebird/js/release/async.js.Async._drainQueue (http://localhost:35887/__cypress/runner/cypress_runner.js:162140:16)\n    at Async../node_modules/bluebird/js/release/async.js.Async._drainQueues (http://localhost:35887/__cypress/runner/cypress_runner.js:162150:10)\n    at Async.drainQueues (http://localhost:35887/__cypress/runner/cypress_runner.js:162024:14)",
                "diff": null
              },
              "uuid": "e37d2cbf-09e8-4f07-a3b2-dec77818a4a8",
              "parentUUID": "f7e24005-3217-4bf5-b2da-721ad59c852c",
              "isHook": false,
              "skipped": false
            },
            {
              "title": "Verifica se existe um botão com o id `generate-board`",
              "fullTitle": "10 - Faça o quadro de pixels ter seu tamanho definido pelo usuário. Verifica se existe um botão com o id `generate-board`",
              "timedOut": null,
              "duration": 4351,
              "state": "failed",
              "speed": null,
              "pass": false,
              "fail": true,
              "pending": false,
              "context": null,
              "code": "cy.get('#generate-board').should('be.visible');",
              "err": {
                "message": "CypressError: Timed out retrying: Expected to find element: '#generate-board', but never found it.",
                "estack": "CypressError: Timed out retrying: Expected to find element: '#generate-board', but never found it.\n    at cypressErr (http://localhost:35887/__cypress/runner/cypress_runner.js:149934:9)\n    at throwErr (http://localhost:35887/__cypress/runner/cypress_runner.js:149867:11)\n    at Object.throwErrByPath (http://localhost:35887/__cypress/runner/cypress_runner.js:149915:3)\n    at retry (http://localhost:35887/__cypress/runner/cypress_runner.js:144197:19)\n    at onFailFn (http://localhost:35887/__cypress/runner/cypress_runner.js:132448:16)\n    at tryCatcher (http://localhost:35887/__cypress/runner/cypress_runner.js:167415:23)\n    at Promise._settlePromiseFromHandler (http://localhost:35887/__cypress/runner/cypress_runner.js:165351:31)\n    at Promise._settlePromise (http://localhost:35887/__cypress/runner/cypress_runner.js:165408:18)\n    at Promise._settlePromise0 (http://localhost:35887/__cypress/runner/cypress_runner.js:165453:10)\n    at Promise._settlePromises (http://localhost:35887/__cypress/runner/cypress_runner.js:165528:18)\n    at Async../node_modules/bluebird/js/release/async.js.Async._drainQueue (http://localhost:35887/__cypress/runner/cypress_runner.js:162140:16)\n    at Async../node_modules/bluebird/js/release/async.js.Async._drainQueues (http://localhost:35887/__cypress/runner/cypress_runner.js:162150:10)\n    at Async.drainQueues (http://localhost:35887/__cypress/runner/cypress_runner.js:162024:14)",
                "diff": null
              },
              "uuid": "5e213fb7-12f9-4685-9ebc-d635627c1322",
              "parentUUID": "f7e24005-3217-4bf5-b2da-721ad59c852c",
              "isHook": false,
              "skipped": false
            },
            {
              "title": "Verifica se o input só aceita número maiores que zero. Essa restrição deve ser feita usando os atributos do elemento `input`",
              "fullTitle": "10 - Faça o quadro de pixels ter seu tamanho definido pelo usuário. Verifica se o input só aceita número maiores que zero. Essa restrição deve ser feita usando os atributos do elemento `input`",
              "timedOut": null,
              "duration": 4375,
              "state": "failed",
              "speed": null,
              "pass": false,
              "fail": true,
              "pending": false,
              "context": null,
              "code": "cy.get('#board-size[type=\\'number\\'][min=\\'1\\']');",
              "err": {
                "message": "CypressError: Timed out retrying: Expected to find element: '#board-size[type='number'][min='1']', but never found it.",
                "estack": "CypressError: Timed out retrying: Expected to find element: '#board-size[type='number'][min='1']', but never found it.\n    at cypressErr (http://localhost:35887/__cypress/runner/cypress_runner.js:149934:9)\n    at throwErr (http://localhost:35887/__cypress/runner/cypress_runner.js:149867:11)\n    at Object.throwErrByPath (http://localhost:35887/__cypress/runner/cypress_runner.js:149915:3)\n    at retry (http://localhost:35887/__cypress/runner/cypress_runner.js:144197:19)\n    at onFailFn (http://localhost:35887/__cypress/runner/cypress_runner.js:132448:16)\n    at tryCatcher (http://localhost:35887/__cypress/runner/cypress_runner.js:167415:23)\n    at Promise._settlePromiseFromHandler (http://localhost:35887/__cypress/runner/cypress_runner.js:165351:31)\n    at Promise._settlePromise (http://localhost:35887/__cypress/runner/cypress_runner.js:165408:18)\n    at Promise._settlePromise0 (http://localhost:35887/__cypress/runner/cypress_runner.js:165453:10)\n    at Promise._settlePromises (http://localhost:35887/__cypress/runner/cypress_runner.js:165528:18)\n    at Async../node_modules/bluebird/js/release/async.js.Async._drainQueue (http://localhost:35887/__cypress/runner/cypress_runner.js:162140:16)\n    at Async../node_modules/bluebird/js/release/async.js.Async._drainQueues (http://localhost:35887/__cypress/runner/cypress_runner.js:162150:10)\n    at Async.drainQueues (http://localhost:35887/__cypress/runner/cypress_runner.js:162024:14)",
                "diff": null
              },
              "uuid": "4322a7e1-ef1b-4697-b3b2-ad440d3bdf87",
              "parentUUID": "f7e24005-3217-4bf5-b2da-721ad59c852c",
              "isHook": false,
              "skipped": false
            },
            {
              "title": "Verifica se o botão contém o texto 'VQV'",
              "fullTitle": "10 - Faça o quadro de pixels ter seu tamanho definido pelo usuário. Verifica se o botão contém o texto 'VQV'",
              "timedOut": null,
              "duration": 4285,
              "state": "failed",
              "speed": null,
              "pass": false,
              "fail": true,
              "pending": false,
              "context": null,
              "code": "cy.get('#generate-board').contains(/vqv/i);",
              "err": {
[...]
                "diff": null
              },
              "uuid": "56880f75-f3fd-4407-9180-c9b409a6f013",
              "parentUUID": "f7e24005-3217-4bf5-b2da-721ad59c852c",
              "isHook": false,
              "skipped": false
            },
            {
              "title": "Verifica se o novo quadro tem todos os pixels preenchidos com a cor branca",
              "fullTitle": "10 - Faça o quadro de pixels ter seu tamanho definido pelo usuário. Verifica se o novo quadro tem todos os pixels preenchidos com a cor branca",
              "timedOut": null,
              "duration": 4330,
              "state": "failed",
              "speed": null,
              "pass": false,
              "fail": true,
              "pending": false,
              "context": null,
              "code": "cy.get('#board-size').clear().type(6);\ncy.get('#generate-board').click();\ncy.get('.pixel').should('have.length', 36).each(function (pixel) {\n  expect(pixel).to.have.css('background-color', WHITE);\n});",
              "err": {
                "message": "CypressError: Timed out retrying: Expected to find element: '#board-size', but never found it.",
                "estack": "CypressError: Timed out retrying: Expected to find element: '#board-size', but never found it.\n    at cypressErr (http://localhost:35887/__cypress/runner/cypress_runner.js:149934:9)\n    at throwErr (http://localhost:35887/__cypress/runner/cypress_runner.js:149867:11)\n    at Object.throwErrByPath (http://localhost:35887/__cypress/runner/cypress_runner.js:149915:3)\n    at retry (http://localhost:35887/__cypress/runner/cypress_runner.js:144197:19)\n    at onFailFn (http://localhost:35887/__cypress/runner/cypress_runner.js:132448:16)\n    at tryCatcher (http://localhost:35887/__cypress/runner/cypress_runner.js:167415:23)\n    at Promise._settlePromiseFromHandler (http://localhost:35887/__cypress/runner/cypress_runner.js:165351:31)\n    at Promise._settlePromise (http://localhost:35887/__cypress/runner/cypress_runner.js:165408:18)\n    at Promise._settlePromise0 (http://localhost:35887/__cypress/runner/cypress_runner.js:165453:10)\n    at Promise._settlePromises (http://localhost:35887/__cypress/runner/cypress_runner.js:165528:18)\n    at Async../node_modules/bluebird/js/release/async.js.Async._drainQueue (http://localhost:35887/__cypress/runner/cypress_runner.js:162140:16)\n    at Async../node_modules/bluebird/js/release/async.js.Async._drainQueues (http://localhost:35887/__cypress/runner/cypress_runner.js:162150:10)\n    at Async.drainQueues (http://localhost:35887/__cypress/runner/cypress_runner.js:162024:14)",
                "diff": null
              },
              "uuid": "cea0abea-667e-4b0b-8201-a7a9becce2c7",
              "parentUUID": "f7e24005-3217-4bf5-b2da-721ad59c852c",
              "isHook": false,
              "skipped": false
            }
          ],
          "suites": [],
          "passes": [],
          "failures": [
            "e37d2cbf-09e8-4f07-a3b2-dec77818a4a8",
            "5e213fb7-12f9-4685-9ebc-d635627c1322",
            "4322a7e1-ef1b-4697-b3b2-ad440d3bdf87",
            "a86526e7-4fba-42b7-b513-455f2762cf9a",
            "65291ca5-d4e8-4471-a921-126cf84696f8",
            "d1059afb-a920-48de-83fc-340c4c409729",
            "8bbd93f2-a073-4a50-a94f-140440abf8cc",
            "56880f75-f3fd-4407-9180-c9b409a6f013",
            "cea0abea-667e-4b0b-8201-a7a9becce2c7"
          ],
          "pending": [],
          "skipped": [],
          "duration": 38965,
          "root": false,
          "rootEmpty": false,
          "_timeout": 2000
        },
        {
          "uuid": "64ff1857-1919-4ed2-a2ef-79a0d4a97d76",
          "title": "11 - Limite o tamanho mínimo e máximo do board.",
          "fullFile": "",
          "file": "",
          "beforeHooks": [],
          "afterHooks": [],
          "tests": [
            {
              "title": "Verifica se a altura máxima do board é 50",
              "fullTitle": "11 - Limite o tamanho mínimo e máximo do board. Verifica se a altura máxima do board é 50",
              "timedOut": null,
              "duration": 4405,
              "state": "failed",
              "speed": null,
              "pass": false,
              "fail": true,
              "pending": false,
              "context": null,
              "code": "cy.get('#board-size').clear().type(50);\ncy.get('#generate-board').click();\ncy.get('.pixel').should('have.length', 2500);",
              "err": {
                "message": "CypressError: Timed out retrying: Expected to find element: '#board-size', but never found it.",
                "estack": "CypressError: Timed out retrying: Expected to find element: '#board-size', but never found it.\n    at cypressErr (http://localhost:35887/__cypress/runner/cypress_runner.js:149934:9)\n    at throwErr (http://localhost:35887/__cypress/runner/cypress_runner.js:149867:11)\n    at Object.throwErrByPath (http://localhost:35887/__cypress/runner/cypress_runner.js:149915:3)\n    at retry (http://localhost:35887/__cypress/runner/cypress_runner.js:144197:19)\n    at onFailFn (http://localhost:35887/__cypress/runner/cypress_runner.js:132448:16)\n    at tryCatcher (http://localhost:35887/__cypress/runner/cypress_runner.js:167415:23)\n    at Promise._settlePromiseFromHandler (http://localhost:35887/__cypress/runner/cypress_runner.js:165351:31)\n    at Promise._settlePromise (http://localhost:35887/__cypress/runner/cypress_runner.js:165408:18)\n    at Promise._settlePromise0 (http://localhost:35887/__cypress/runner/cypress_runner.js:165453:10)\n    at Promise._settlePromises (http://localhost:35887/__cypress/runner/cypress_runner.js:165528:18)\n    at Async../node_modules/bluebird/js/release/async.js.Async._drainQueue (http://localhost:35887/__cypress/runner/cypress_runner.js:162140:16)\n    at Async../node_modules/bluebird/js/release/async.js.Async._drainQueues (http://localhost:35887/__cypress/runner/cypress_runner.js:162150:10)\n    at Async.drainQueues (http://localhost:35887/__cypress/runner/cypress_runner.js:162024:14)",
                "diff": null
              },
              "uuid": "60de68c4-9125-4e8f-bb03-14067f4e11b0",
              "parentUUID": "64ff1857-1919-4ed2-a2ef-79a0d4a97d76",
              "isHook": false,
              "skipped": false
            },
            {
              "title": "Verifica se a altura do board é 5 quando um valor menor é colocado no input",
              "fullTitle": "11 - Limite o tamanho mínimo e máximo do board. Verifica se a altura do board é 5 quando um valor menor é colocado no input",
              "timedOut": null,
              "duration": 4426,
              "state": "failed",
              "speed": null,
              "pass": false,
              "fail": true,
              "pending": false,
              "context": null,
              "code": "cy.get('#board-size').clear().type(4);\ncy.get('#generate-board').click();\ncy.get('.pixel').should('have.length', 25);",
              "err": {
                "message": "CypressError: Timed out retrying: Expected to find element: '#board-size', but never found it.",
                "estack": "CypressError: Timed out retrying: Expected to find element: '#board-size', but never found it.\n    at cypressErr (http://localhost:35887/__cypress/runner/cypress_runner.js:149934:9)\n    at throwErr (http://localhost:35887/__cypress/runner/cypress_runner.js:149867:11)\n    at Object.throwErrByPath (http://localhost:35887/__cypress/runner/cypress_runner.js:149915:3)\n    at retry (http://localhost:35887/__cypress/runner/cypress_runner.js:144197:19)\n    at onFailFn (http://localhost:35887/__cypress/runner/cypress_runner.js:132448:16)\n    at tryCatcher (http://localhost:35887/__cypress/runner/cypress_runner.js:167415:23)\n    at Promise._settlePromiseFromHandler (http://localhost:35887/__cypress/runner/cypress_runner.js:165351:31)\n    at Promise._settlePromise (http://localhost:35887/__cypress/runner/cypress_runner.js:165408:18)\n    at Promise._settlePromise0 (http://localhost:35887/__cypress/runner/cypress_runner.js:165453:10)\n    at Promise._settlePromises (http://localhost:35887/__cypress/runner/cypress_runner.js:165528:18)\n    at Async../node_modules/bluebird/js/release/async.js.Async._drainQueue (http://localhost:35887/__cypress/runner/cypress_runner.js:162140:16)\n    at Async../node_modules/bluebird/js/release/async.js.Async._drainQueues (http://localhost:35887/__cypress/runner/cypress_runner.js:162150:10)\n    at Async.drainQueues (http://localhost:35887/__cypress/runner/cypress_runner.js:162024:14)",
                "diff": null
              },
              "uuid": "814e20b5-ba28-4e39-9560-5bd1749eacf7",
              "parentUUID": "64ff1857-1919-4ed2-a2ef-79a0d4a97d76",
              "isHook": false,
              "skipped": false
            },
            {
              "title": "Verifica se a altura do board é 50 quando um valor maior é colocado no input",
              "fullTitle": "11 - Limite o tamanho mínimo e máximo do board. Verifica se a altura do board é 50 quando um valor maior é colocado no input",
              "timedOut": null,
              "duration": 4506,
              "state": "failed",
              "speed": null,
              "pass": false,
              "fail": true,
              "pending": false,
              "context": null,
              "code": "cy.get('#board-size').clear().type(51);\ncy.get('#generate-board').click();\ncy.get('.pixel').should('have.length', 2500);",
              "err": {
                "message": "CypressError: Timed out retrying: Expected to find element: '#board-size', but never found it.",
                "estack": "CypressError: Timed out retrying: Expected to find element: '#board-size', but never found it.\n    at cypressErr (http://localhost:35887/__cypress/runner/cypress_runner.js:149934:9)\n    at throwErr (http://localhost:35887/__cypress/runner/cypress_runner.js:149867:11)\n    at Object.throwErrByPath (http://localhost:35887/__cypress/runner/cypress_runner.js:149915:3)\n    at retry (http://localhost:35887/__cypress/runner/cypress_runner.js:144197:19)\n    at onFailFn (http://localhost:35887/__cypress/runner/cypress_runner.js:132448:16)\n    at tryCatcher (http://localhost:35887/__cypress/runner/cypress_runner.js:167415:23)\n    at Promise._settlePromiseFromHandler (http://localhost:35887/__cypress/runner/cypress_runner.js:165351:31)\n    at Promise._settlePromise (http://localhost:35887/__cypress/runner/cypress_runner.js:165408:18)\n    at Promise._settlePromise0 (http://localhost:35887/__cypress/runner/cypress_runner.js:165453:10)\n    at Promise._settlePromises (http://localhost:35887/__cypress/runner/cypress_runner.js:165528:18)\n    at Async../node_modules/bluebird/js/release/async.js.Async._drainQueue (http://localhost:35887/__cypress/runner/cypress_runner.js:162140:16)\n    at Async../node_modules/bluebird/js/release/async.js.Async._drainQueues (http://localhost:35887/__cypress/runner/cypress_runner.js:162150:10)\n    at Async.drainQueues (http://localhost:35887/__cypress/runner/cypress_runner.js:162024:14)",
                "diff": null
              },
              "uuid": "83f7e01c-d3b0-4e89-a5c9-3d26d72fbc29",
              "parentUUID": "64ff1857-1919-4ed2-a2ef-79a0d4a97d76",
              "isHook": false,
              "skipped": false
            }
          ],
          "suites": [],
          "passes": [],
          "failures": [
            "60de68c4-9125-4e8f-bb03-14067f4e11b0",
            "814e20b5-ba28-4e39-9560-5bd1749eacf7",
            "83f7e01c-d3b0-4e89-a5c9-3d26d72fbc29"
          ],
          "pending": [],
          "skipped": [],
          "duration": 13337,
          "root": false,
          "rootEmpty": false,
          "_timeout": 2000
        },
        {
          "uuid": "29a1be80-1ec1-469e-9506-e4192ce01239",
          "title": "12 - Faça com que as cores da paleta sejam geradas aleatoriamente ao carregar a página.",
          "fullFile": "",
          "file": "",
          "beforeHooks": [],
          "afterHooks": [],
          "tests": [
            {
              "title": "Verifica se as cores geradas na paleta são diferentes a cada carregamento da página",
              "fullTitle": "12 - Faça com que as cores da paleta sejam geradas aleatoriamente ao carregar a página. Verifica se as cores geradas na paleta são diferentes a cada carregamento da página",
              "timedOut": null,
              "duration": 4341,
              "state": "failed",
              "speed": null,
              "pass": false,
              "fail": true,
              "pending": false,
              "context": null,
              "code": "cy.get('.color').then(function (colors) {\n  var currentColors;\n  var previousColors;\n  previousColors = Array.from(colors).map(function (color) {\n    return Cypress.$(color).css('background-color');\n  });\n  for (var i = 0; i < 5; i += 1) {\n    cy.reload();\n    cy.get('.color').then(function (colors) {\n      currentColors = Array.from(colors).map(function (color) {\n        return Cypress.$(color).css('background-color');\n      });\n      expect(currentColors).not.to.deep.equal(previousColors);\n      previousColors = currentColors;\n    });\n  }\n});",
              "err": {
                "message": "CypressError: Timed out retrying: Expected to find element: '.color', but never found it.",
                "estack": "CypressError: Timed out retrying: Expected to find element: '.color', but never found it.\n    at cypressErr (http://localhost:35887/__cypress/runner/cypress_runner.js:149934:9)\n    at throwErr (http://localhost:35887/__cypress/runner/cypress_runner.js:149867:11)\n    at Object.throwErrByPath (http://localhost:35887/__cypress/runner/cypress_runner.js:149915:3)\n    at retry (http://localhost:35887/__cypress/runner/cypress_runner.js:144197:19)\n    at onFailFn (http://localhost:35887/__cypress/runner/cypress_runner.js:132448:16)\n    at tryCatcher (http://localhost:35887/__cypress/runner/cypress_runner.js:167415:23)\n    at Promise._settlePromiseFromHandler (http://localhost:35887/__cypress/runner/cypress_runner.js:165351:31)\n    at Promise._settlePromise (http://localhost:35887/__cypress/runner/cypress_runner.js:165408:18)\n    at Promise._settlePromise0 (http://localhost:35887/__cypress/runner/cypress_runner.js:165453:10)\n    at Promise._settlePromises (http://localhost:35887/__cypress/runner/cypress_runner.js:165528:18)\n    at Async../node_modules/bluebird/js/release/async.js.Async._drainQueue (http://localhost:35887/__cypress/runner/cypress_runner.js:162140:16)\n    at Async../node_modules/bluebird/js/release/async.js.Async._drainQueues (http://localhost:35887/__cypress/runner/cypress_runner.js:162150:10)\n    at Async.drainQueues (http://localhost:35887/__cypress/runner/cypress_runner.js:162024:14)",
                "diff": null
              },
              "uuid": "dafd23e8-4b0f-4ffd-8873-1e06dcb2a77e",
              "parentUUID": "29a1be80-1ec1-469e-9506-e4192ce01239",
              "isHook": false,
              "skipped": false
            },
            {
              "title": "Verifica se a cor preta ainda está presente e é a primeira na sua paleta de cores",
              "fullTitle": "12 - Faça com que as cores da paleta sejam geradas aleatoriamente ao carregar a página. Verifica se a cor preta ainda está presente e é a primeira na sua paleta de cores",
              "timedOut": null,
              "duration": 4332,
              "state": "failed",
              "speed": null,
              "pass": false,
              "fail": true,
              "pending": false,
              "context": null,
              "code": "cy.get('.color').then(function (colors) {\n  var currentColors;\n  var previousColors;\n  previousColors = Array.from(colors).map(function (color) {\n    return Cypress.$(color).css('background-color');\n  });\n  expect(previousColors[0]).to.eq(BLACK);\n  for (var i = 0; i < 5; i += 1) {\n    cy.reload();\n    cy.get('.color').then(function (colors) {\n      currentColors = Array.from(colors).map(function (color) {\n        return Cypress.$(color).css('background-color');\n      });\n      expect(currentColors[0]).to.eq(BLACK);\n      expect(currentColors).not.to.deep.equal(previousColors);\n      previousColors = currentColors;\n    });\n  }\n});",
              "err": {
                "message": "CypressError: Timed out retrying: Expected to find element: '.color', but never found it.",
                "estack": "CypressError: Timed out retrying: Expected to find element: '.color', but never found it.\n    at cypressErr (http://localhost:35887/__cypress/runner/cypress_runner.js:149934:9)\n    at throwErr (http://localhost:35887/__cypress/runner/cypress_runner.js:149867:11)\n    at Object.throwErrByPath (http://localhost:35887/__cypress/runner/cypress_runner.js:149915:3)\n    at retry (http://localhost:35887/__cypress/runner/cypress_runner.js:144197:19)\n    at onFailFn (http://localhost:35887/__cypress/runner/cypress_runner.js:132448:16)\n    at tryCatcher (http://localhost:35887/__cypress/runner/cypress_runner.js:167415:23)\n    at Promise._settlePromiseFromHandler (http://localhost:35887/__cypress/runner/cypress_runner.js:165351:31)\n    at Promise._settlePromise (http://localhost:35887/__cypress/runner/cypress_runner.js:165408:18)\n    at Promise._settlePromise0 (http://localhost:35887/__cypress/runner/cypress_runner.js:165453:10)\n    at Promise._settlePromises (http://localhost:35887/__cypress/runner/cypress_runner.js:165528:18)\n    at Async../node_modules/bluebird/js/release/async.js.Async._drainQueue (http://localhost:35887/__cypress/runner/cypress_runner.js:162140:16)\n    at Async../node_modules/bluebird/js/release/async.js.Async._drainQueues (http://localhost:35887/__cypress/runner/cypress_runner.js:162150:10)\n    at Async.drainQueues (http://localhost:35887/__cypress/runner/cypress_runner.js:162024:14)",
                "diff": null
              },
              "uuid": "83475375-8c05-421c-9361-cd4b55ae5a56",
              "parentUUID": "29a1be80-1ec1-469e-9506-e4192ce01239",
              "isHook": false,
              "skipped": false
            }
          ],
          "suites": [],
          "passes": [],
          "failures": [
            "dafd23e8-4b0f-4ffd-8873-1e06dcb2a77e",
            "83475375-8c05-421c-9361-cd4b55ae5a56"
          ],
          "pending": [],
          "skipped": [],
          "duration": 8673,
          "root": false,
          "rootEmpty": false,
          "_timeout": 2000
        }
      ],
      "passes": [],
      "failures": [],
      "pending": [],
      "skipped": [],
      "duration": 0,
      "root": true,
      "rootEmpty": true,
      "_timeout": 2000
    }
  ],
  "meta": {
    "mocha": {
      "version": "7.0.1"
    },
    "mochawesome": {
      "options": {
        "quiet": false,
        "reportFilename": "mochawesome",
        "saveHtml": false,
        "saveJson": true,
        "consoleReporter": "spec",
        "useInlineDiffs": false
      },
      "version": "4.1.0"
    },
    "marge": {
      "options": {
        "id": "default",
        "reportDir": "cypress/reports",
        "overwrite": true,
        "html": false,
        "json": true
      },
      "version": "4.1.0"
    }
  }
}